{"C:\\Users\\HP\\Documents\\Decimo semestre\\Auditoria de sistemas\\SIMTR\\backend\\app.js": {"path":"C:\\Users\\HP\\Documents\\Decimo semestre\\Auditoria de sistemas\\SIMTR\\backend\\app.js","statementMap":{"0":{"start":{"line":7,"column":12},"end":{"line":7,"column":21}},"1":{"start":{"line":10,"column":0},"end":{"line":10,"column":16}},"2":{"start":{"line":11,"column":0},"end":{"line":11,"column":24}},"3":{"start":{"line":14,"column":0},"end":{"line":14,"column":24}},"4":{"start":{"line":17,"column":35},"end":{"line":71,"column":1}},"5":{"start":{"line":18,"column":2},"end":{"line":70,"column":7}},"6":{"start":{"line":24,"column":67},"end":{"line":24,"column":78}},"7":{"start":{"line":26,"column":8},"end":{"line":28,"column":10}},"8":{"start":{"line":31,"column":8},"end":{"line":61,"column":9}},"9":{"start":{"line":32,"column":10},"end":{"line":34,"column":12}},"10":{"start":{"line":36,"column":10},"end":{"line":60,"column":11}},"11":{"start":{"line":38,"column":43},"end":{"line":45,"column":16}},"12":{"start":{"line":47,"column":12},"end":{"line":54,"column":13}},"13":{"start":{"line":48,"column":14},"end":{"line":51,"column":16}},"14":{"start":{"line":53,"column":14},"end":{"line":53,"column":76}},"15":{"start":{"line":56,"column":12},"end":{"line":59,"column":14}},"16":{"start":{"line":65,"column":6},"end":{"line":69,"column":7}},"17":{"start":{"line":66,"column":8},"end":{"line":68,"column":10}},"18":{"start":{"line":73,"column":0},"end":{"line":73,"column":29}},"19":{"start":{"line":75,"column":13},"end":{"line":75,"column":37}},"20":{"start":{"line":77,"column":0},"end":{"line":83,"column":1}},"21":{"start":{"line":78,"column":2},"end":{"line":82,"column":5}},"22":{"start":{"line":79,"column":4},"end":{"line":81,"column":6}}},"fnMap":{"0":{"name":"(anonymous_0)","decl":{"start":{"line":17,"column":35},"end":{"line":17,"column":36}},"loc":{"start":{"line":17,"column":41},"end":{"line":71,"column":1}},"line":17},"1":{"name":"(anonymous_1)","decl":{"start":{"line":23,"column":6},"end":{"line":23,"column":7}},"loc":{"start":{"line":23,"column":25},"end":{"line":62,"column":7}},"line":23},"2":{"name":"(anonymous_2)","decl":{"start":{"line":64,"column":15},"end":{"line":64,"column":16}},"loc":{"start":{"line":64,"column":27},"end":{"line":70,"column":5}},"line":64},"3":{"name":"(anonymous_3)","decl":{"start":{"line":78,"column":19},"end":{"line":78,"column":20}},"loc":{"start":{"line":78,"column":25},"end":{"line":82,"column":3}},"line":78}},"branchMap":{"0":{"loc":{"start":{"line":31,"column":8},"end":{"line":61,"column":9}},"type":"if","locations":[{"start":{"line":31,"column":8},"end":{"line":61,"column":9}},{"start":{},"end":{}}],"line":31},"1":{"loc":{"start":{"line":47,"column":12},"end":{"line":54,"column":13}},"type":"if","locations":[{"start":{"line":47,"column":12},"end":{"line":54,"column":13}},{"start":{"line":52,"column":19},"end":{"line":54,"column":13}}],"line":47},"2":{"loc":{"start":{"line":65,"column":6},"end":{"line":69,"column":7}},"type":"if","locations":[{"start":{"line":65,"column":6},"end":{"line":69,"column":7}},{"start":{},"end":{}}],"line":65},"3":{"loc":{"start":{"line":75,"column":13},"end":{"line":75,"column":37}},"type":"binary-expr","locations":[{"start":{"line":75,"column":13},"end":{"line":75,"column":29}},{"start":{"line":75,"column":33},"end":{"line":75,"column":37}}],"line":75},"4":{"loc":{"start":{"line":77,"column":0},"end":{"line":83,"column":1}},"type":"if","locations":[{"start":{"line":77,"column":0},"end":{"line":83,"column":1}},{"start":{},"end":{}}],"line":77},"5":{"loc":{"start":{"line":77,"column":4},"end":{"line":77,"column":94}},"type":"binary-expr","locations":[{"start":{"line":77,"column":4},"end":{"line":77,"column":19}},{"start":{"line":77,"column":24},"end":{"line":77,"column":58}},{"start":{"line":77,"column":62},"end":{"line":77,"column":93}}],"line":77}},"s":{"0":2,"1":2,"2":2,"3":2,"4":2,"5":2,"6":0,"7":0,"8":0,"9":0,"10":0,"11":0,"12":0,"13":0,"14":0,"15":0,"16":0,"17":0,"18":2,"19":2,"20":2,"21":0,"22":0},"f":{"0":2,"1":0,"2":0,"3":0},"b":{"0":[0,0],"1":[0,0],"2":[0,0],"3":[2,2],"4":[0,2],"5":[2,2,2]},"_coverageSchema":"1a1c01bbd47fc00a2c39e90264f33305004495a9","hash":"a8a13fa2e91ad55efebe4c120f3423380519512b"}
,"C:\\Users\\HP\\Documents\\Decimo semestre\\Auditoria de sistemas\\SIMTR\\backend\\controllers\\albergues.controller.js": {"path":"C:\\Users\\HP\\Documents\\Decimo semestre\\Auditoria de sistemas\\SIMTR\\backend\\controllers\\albergues.controller.js","statementMap":{"0":{"start":{"line":4,"column":28},"end":{"line":12,"column":1}},"1":{"start":{"line":5,"column":2},"end":{"line":11,"column":3}},"2":{"start":{"line":6,"column":28},"end":{"line":6,"column":72}},"3":{"start":{"line":7,"column":4},"end":{"line":7,"column":27}},"4":{"start":{"line":7,"column":15},"end":{"line":7,"column":27}},"5":{"start":{"line":8,"column":4},"end":{"line":8,"column":19}},"6":{"start":{"line":10,"column":4},"end":{"line":10,"column":51}},"7":{"start":{"line":14,"column":31},"end":{"line":24,"column":1}},"8":{"start":{"line":15,"column":17},"end":{"line":15,"column":27}},"9":{"start":{"line":16,"column":2},"end":{"line":23,"column":3}},"10":{"start":{"line":17,"column":28},"end":{"line":17,"column":94}},"11":{"start":{"line":18,"column":4},"end":{"line":18,"column":27}},"12":{"start":{"line":18,"column":15},"end":{"line":18,"column":27}},"13":{"start":{"line":19,"column":4},"end":{"line":19,"column":80}},"14":{"start":{"line":19,"column":15},"end":{"line":19,"column":80}},"15":{"start":{"line":20,"column":4},"end":{"line":20,"column":19}},"16":{"start":{"line":22,"column":4},"end":{"line":22,"column":51}},"17":{"start":{"line":26,"column":30},"end":{"line":53,"column":1}},"18":{"start":{"line":27,"column":175},"end":{"line":27,"column":183}},"19":{"start":{"line":28,"column":25},"end":{"line":28,"column":37}},"20":{"start":{"line":30,"column":2},"end":{"line":32,"column":3}},"21":{"start":{"line":31,"column":4},"end":{"line":31,"column":73}},"22":{"start":{"line":34,"column":2},"end":{"line":52,"column":3}},"23":{"start":{"line":35,"column":28},"end":{"line":38,"column":15}},"24":{"start":{"line":39,"column":4},"end":{"line":39,"column":27}},"25":{"start":{"line":39,"column":15},"end":{"line":39,"column":27}},"26":{"start":{"line":41,"column":4},"end":{"line":47,"column":7}},"27":{"start":{"line":49,"column":4},"end":{"line":49,"column":34}},"28":{"start":{"line":51,"column":4},"end":{"line":51,"column":51}},"29":{"start":{"line":55,"column":30},"end":{"line":76,"column":1}},"30":{"start":{"line":56,"column":17},"end":{"line":56,"column":27}},"31":{"start":{"line":57,"column":18},"end":{"line":57,"column":26}},"32":{"start":{"line":59,"column":2},"end":{"line":75,"column":3}},"33":{"start":{"line":60,"column":28},"end":{"line":60,"column":98}},"34":{"start":{"line":61,"column":4},"end":{"line":61,"column":27}},"35":{"start":{"line":61,"column":15},"end":{"line":61,"column":27}},"36":{"start":{"line":62,"column":4},"end":{"line":62,"column":92}},"37":{"start":{"line":62,"column":27},"end":{"line":62,"column":92}},"38":{"start":{"line":64,"column":4},"end":{"line":70,"column":7}},"39":{"start":{"line":72,"column":4},"end":{"line":72,"column":22}},"40":{"start":{"line":74,"column":4},"end":{"line":74,"column":51}}},"fnMap":{"0":{"name":"(anonymous_0)","decl":{"start":{"line":4,"column":28},"end":{"line":4,"column":29}},"loc":{"start":{"line":4,"column":48},"end":{"line":12,"column":1}},"line":4},"1":{"name":"(anonymous_1)","decl":{"start":{"line":14,"column":31},"end":{"line":14,"column":32}},"loc":{"start":{"line":14,"column":51},"end":{"line":24,"column":1}},"line":14},"2":{"name":"(anonymous_2)","decl":{"start":{"line":26,"column":30},"end":{"line":26,"column":31}},"loc":{"start":{"line":26,"column":50},"end":{"line":53,"column":1}},"line":26},"3":{"name":"(anonymous_3)","decl":{"start":{"line":55,"column":30},"end":{"line":55,"column":31}},"loc":{"start":{"line":55,"column":50},"end":{"line":76,"column":1}},"line":55}},"branchMap":{"0":{"loc":{"start":{"line":7,"column":4},"end":{"line":7,"column":27}},"type":"if","locations":[{"start":{"line":7,"column":4},"end":{"line":7,"column":27}},{"start":{},"end":{}}],"line":7},"1":{"loc":{"start":{"line":18,"column":4},"end":{"line":18,"column":27}},"type":"if","locations":[{"start":{"line":18,"column":4},"end":{"line":18,"column":27}},{"start":{},"end":{}}],"line":18},"2":{"loc":{"start":{"line":19,"column":4},"end":{"line":19,"column":80}},"type":"if","locations":[{"start":{"line":19,"column":4},"end":{"line":19,"column":80}},{"start":{},"end":{}}],"line":19},"3":{"loc":{"start":{"line":30,"column":2},"end":{"line":32,"column":3}},"type":"if","locations":[{"start":{"line":30,"column":2},"end":{"line":32,"column":3}},{"start":{},"end":{}}],"line":30},"4":{"loc":{"start":{"line":30,"column":6},"end":{"line":30,"column":146}},"type":"binary-expr","locations":[{"start":{"line":30,"column":6},"end":{"line":30,"column":13}},{"start":{"line":30,"column":17},"end":{"line":30,"column":22}},{"start":{"line":30,"column":26},"end":{"line":30,"column":36}},{"start":{"line":30,"column":40},"end":{"line":30,"column":47}},{"start":{"line":30,"column":51},"end":{"line":30,"column":72}},{"start":{"line":30,"column":76},"end":{"line":30,"column":98}},{"start":{"line":30,"column":102},"end":{"line":30,"column":119}},{"start":{"line":30,"column":123},"end":{"line":30,"column":146}}],"line":30},"5":{"loc":{"start":{"line":39,"column":4},"end":{"line":39,"column":27}},"type":"if","locations":[{"start":{"line":39,"column":4},"end":{"line":39,"column":27}},{"start":{},"end":{}}],"line":39},"6":{"loc":{"start":{"line":61,"column":4},"end":{"line":61,"column":27}},"type":"if","locations":[{"start":{"line":61,"column":4},"end":{"line":61,"column":27}},{"start":{},"end":{}}],"line":61},"7":{"loc":{"start":{"line":62,"column":4},"end":{"line":62,"column":92}},"type":"if","locations":[{"start":{"line":62,"column":4},"end":{"line":62,"column":92}},{"start":{},"end":{}}],"line":62}},"s":{"0":2,"1":0,"2":0,"3":0,"4":0,"5":0,"6":0,"7":2,"8":0,"9":0,"10":0,"11":0,"12":0,"13":0,"14":0,"15":0,"16":0,"17":2,"18":0,"19":0,"20":0,"21":0,"22":0,"23":0,"24":0,"25":0,"26":0,"27":0,"28":0,"29":2,"30":0,"31":0,"32":0,"33":0,"34":0,"35":0,"36":0,"37":0,"38":0,"39":0,"40":0},"f":{"0":0,"1":0,"2":0,"3":0},"b":{"0":[0,0],"1":[0,0],"2":[0,0],"3":[0,0],"4":[0,0,0,0,0,0,0,0],"5":[0,0],"6":[0,0],"7":[0,0]},"_coverageSchema":"1a1c01bbd47fc00a2c39e90264f33305004495a9","hash":"64d0941c196e9d5d3dddd986485081228293d658"}
,"C:\\Users\\HP\\Documents\\Decimo semestre\\Auditoria de sistemas\\SIMTR\\backend\\controllers\\alertas.controller.js": {"path":"C:\\Users\\HP\\Documents\\Decimo semestre\\Auditoria de sistemas\\SIMTR\\backend\\controllers\\alertas.controller.js","statementMap":{"0":{"start":{"line":4,"column":26},"end":{"line":15,"column":1}},"1":{"start":{"line":5,"column":2},"end":{"line":14,"column":3}},"2":{"start":{"line":6,"column":28},"end":{"line":9,"column":48}},"3":{"start":{"line":10,"column":4},"end":{"line":10,"column":27}},"4":{"start":{"line":10,"column":15},"end":{"line":10,"column":27}},"5":{"start":{"line":11,"column":4},"end":{"line":11,"column":19}},"6":{"start":{"line":13,"column":4},"end":{"line":13,"column":51}},"7":{"start":{"line":17,"column":28},"end":{"line":46,"column":1}},"8":{"start":{"line":18,"column":36},"end":{"line":18,"column":44}},"9":{"start":{"line":19,"column":2},"end":{"line":21,"column":3}},"10":{"start":{"line":20,"column":4},"end":{"line":20,"column":78}},"11":{"start":{"line":23,"column":2},"end":{"line":25,"column":3}},"12":{"start":{"line":24,"column":4},"end":{"line":24,"column":61}},"13":{"start":{"line":27,"column":2},"end":{"line":45,"column":3}},"14":{"start":{"line":28,"column":28},"end":{"line":31,"column":15}},"15":{"start":{"line":32,"column":4},"end":{"line":32,"column":27}},"16":{"start":{"line":32,"column":15},"end":{"line":32,"column":27}},"17":{"start":{"line":34,"column":4},"end":{"line":40,"column":7}},"18":{"start":{"line":42,"column":4},"end":{"line":42,"column":34}},"19":{"start":{"line":44,"column":4},"end":{"line":44,"column":51}},"20":{"start":{"line":48,"column":28},"end":{"line":69,"column":1}},"21":{"start":{"line":49,"column":17},"end":{"line":49,"column":27}},"22":{"start":{"line":50,"column":18},"end":{"line":50,"column":26}},"23":{"start":{"line":52,"column":2},"end":{"line":68,"column":3}},"24":{"start":{"line":53,"column":28},"end":{"line":53,"column":96}},"25":{"start":{"line":54,"column":4},"end":{"line":54,"column":27}},"26":{"start":{"line":54,"column":15},"end":{"line":54,"column":27}},"27":{"start":{"line":55,"column":4},"end":{"line":55,"column":90}},"28":{"start":{"line":55,"column":27},"end":{"line":55,"column":90}},"29":{"start":{"line":57,"column":4},"end":{"line":63,"column":7}},"30":{"start":{"line":65,"column":4},"end":{"line":65,"column":22}},"31":{"start":{"line":67,"column":4},"end":{"line":67,"column":51}}},"fnMap":{"0":{"name":"(anonymous_0)","decl":{"start":{"line":4,"column":26},"end":{"line":4,"column":27}},"loc":{"start":{"line":4,"column":46},"end":{"line":15,"column":1}},"line":4},"1":{"name":"(anonymous_1)","decl":{"start":{"line":17,"column":28},"end":{"line":17,"column":29}},"loc":{"start":{"line":17,"column":48},"end":{"line":46,"column":1}},"line":17},"2":{"name":"(anonymous_2)","decl":{"start":{"line":48,"column":28},"end":{"line":48,"column":29}},"loc":{"start":{"line":48,"column":48},"end":{"line":69,"column":1}},"line":48}},"branchMap":{"0":{"loc":{"start":{"line":10,"column":4},"end":{"line":10,"column":27}},"type":"if","locations":[{"start":{"line":10,"column":4},"end":{"line":10,"column":27}},{"start":{},"end":{}}],"line":10},"1":{"loc":{"start":{"line":19,"column":2},"end":{"line":21,"column":3}},"type":"if","locations":[{"start":{"line":19,"column":2},"end":{"line":21,"column":3}},{"start":{},"end":{}}],"line":19},"2":{"loc":{"start":{"line":23,"column":2},"end":{"line":25,"column":3}},"type":"if","locations":[{"start":{"line":23,"column":2},"end":{"line":25,"column":3}},{"start":{},"end":{}}],"line":23},"3":{"loc":{"start":{"line":23,"column":6},"end":{"line":23,"column":63}},"type":"binary-expr","locations":[{"start":{"line":23,"column":6},"end":{"line":23,"column":11}},{"start":{"line":23,"column":15},"end":{"line":23,"column":63}}],"line":23},"4":{"loc":{"start":{"line":32,"column":4},"end":{"line":32,"column":27}},"type":"if","locations":[{"start":{"line":32,"column":4},"end":{"line":32,"column":27}},{"start":{},"end":{}}],"line":32},"5":{"loc":{"start":{"line":54,"column":4},"end":{"line":54,"column":27}},"type":"if","locations":[{"start":{"line":54,"column":4},"end":{"line":54,"column":27}},{"start":{},"end":{}}],"line":54},"6":{"loc":{"start":{"line":55,"column":4},"end":{"line":55,"column":90}},"type":"if","locations":[{"start":{"line":55,"column":4},"end":{"line":55,"column":90}},{"start":{},"end":{}}],"line":55}},"s":{"0":2,"1":0,"2":0,"3":0,"4":0,"5":0,"6":0,"7":2,"8":0,"9":0,"10":0,"11":0,"12":0,"13":0,"14":0,"15":0,"16":0,"17":0,"18":0,"19":0,"20":2,"21":0,"22":0,"23":0,"24":0,"25":0,"26":0,"27":0,"28":0,"29":0,"30":0,"31":0},"f":{"0":0,"1":0,"2":0},"b":{"0":[0,0],"1":[0,0],"2":[0,0],"3":[0,0],"4":[0,0],"5":[0,0],"6":[0,0]},"_coverageSchema":"1a1c01bbd47fc00a2c39e90264f33305004495a9","hash":"12fc06f412c37e7925214123cee8eac5a1c46c77"}
,"C:\\Users\\HP\\Documents\\Decimo semestre\\Auditoria de sistemas\\SIMTR\\backend\\controllers\\asignaciones.controller.js": {"path":"C:\\Users\\HP\\Documents\\Decimo semestre\\Auditoria de sistemas\\SIMTR\\backend\\controllers\\asignaciones.controller.js","statementMap":{"0":{"start":{"line":4,"column":31},"end":{"line":15,"column":1}},"1":{"start":{"line":5,"column":2},"end":{"line":14,"column":3}},"2":{"start":{"line":7,"column":28},"end":{"line":9,"column":18}},"3":{"start":{"line":10,"column":4},"end":{"line":10,"column":27}},"4":{"start":{"line":10,"column":15},"end":{"line":10,"column":27}},"5":{"start":{"line":11,"column":4},"end":{"line":11,"column":19}},"6":{"start":{"line":13,"column":4},"end":{"line":13,"column":51}},"7":{"start":{"line":17,"column":32},"end":{"line":50,"column":1}},"8":{"start":{"line":18,"column":86},"end":{"line":18,"column":94}},"9":{"start":{"line":19,"column":25},"end":{"line":19,"column":37}},"10":{"start":{"line":21,"column":2},"end":{"line":23,"column":3}},"11":{"start":{"line":22,"column":4},"end":{"line":22,"column":98}},"12":{"start":{"line":26,"column":18},"end":{"line":26,"column":65}},"13":{"start":{"line":27,"column":2},"end":{"line":27,"column":59}},"14":{"start":{"line":27,"column":21},"end":{"line":27,"column":59}},"15":{"start":{"line":28,"column":2},"end":{"line":28,"column":56}},"16":{"start":{"line":28,"column":20},"end":{"line":28,"column":56}},"17":{"start":{"line":29,"column":2},"end":{"line":29,"column":59}},"18":{"start":{"line":29,"column":21},"end":{"line":29,"column":59}},"19":{"start":{"line":31,"column":2},"end":{"line":49,"column":3}},"20":{"start":{"line":32,"column":28},"end":{"line":35,"column":15}},"21":{"start":{"line":36,"column":4},"end":{"line":36,"column":27}},"22":{"start":{"line":36,"column":15},"end":{"line":36,"column":27}},"23":{"start":{"line":38,"column":4},"end":{"line":44,"column":7}},"24":{"start":{"line":46,"column":4},"end":{"line":46,"column":34}},"25":{"start":{"line":48,"column":4},"end":{"line":48,"column":51}},"26":{"start":{"line":52,"column":32},"end":{"line":97,"column":1}},"27":{"start":{"line":53,"column":17},"end":{"line":53,"column":27}},"28":{"start":{"line":54,"column":21},"end":{"line":54,"column":33}},"29":{"start":{"line":56,"column":2},"end":{"line":56,"column":95}},"30":{"start":{"line":58,"column":2},"end":{"line":96,"column":3}},"31":{"start":{"line":59,"column":36},"end":{"line":63,"column":15}},"32":{"start":{"line":65,"column":4},"end":{"line":68,"column":5}},"33":{"start":{"line":66,"column":6},"end":{"line":66,"column":69}},"34":{"start":{"line":67,"column":6},"end":{"line":67,"column":18}},"35":{"start":{"line":70,"column":4},"end":{"line":70,"column":77}},"36":{"start":{"line":72,"column":4},"end":{"line":74,"column":5}},"37":{"start":{"line":73,"column":6},"end":{"line":73,"column":93}},"38":{"start":{"line":76,"column":4},"end":{"line":86,"column":5}},"39":{"start":{"line":77,"column":6},"end":{"line":83,"column":9}},"40":{"start":{"line":85,"column":6},"end":{"line":85,"column":74}},"41":{"start":{"line":88,"column":4},"end":{"line":92,"column":7}},"42":{"start":{"line":94,"column":4},"end":{"line":94,"column":73}},"43":{"start":{"line":95,"column":4},"end":{"line":95,"column":51}}},"fnMap":{"0":{"name":"(anonymous_0)","decl":{"start":{"line":4,"column":31},"end":{"line":4,"column":32}},"loc":{"start":{"line":4,"column":51},"end":{"line":15,"column":1}},"line":4},"1":{"name":"(anonymous_1)","decl":{"start":{"line":17,"column":32},"end":{"line":17,"column":33}},"loc":{"start":{"line":17,"column":52},"end":{"line":50,"column":1}},"line":17},"2":{"name":"(anonymous_2)","decl":{"start":{"line":52,"column":32},"end":{"line":52,"column":33}},"loc":{"start":{"line":52,"column":52},"end":{"line":97,"column":1}},"line":52}},"branchMap":{"0":{"loc":{"start":{"line":10,"column":4},"end":{"line":10,"column":27}},"type":"if","locations":[{"start":{"line":10,"column":4},"end":{"line":10,"column":27}},{"start":{},"end":{}}],"line":10},"1":{"loc":{"start":{"line":21,"column":2},"end":{"line":23,"column":3}},"type":"if","locations":[{"start":{"line":21,"column":2},"end":{"line":23,"column":3}},{"start":{},"end":{}}],"line":21},"2":{"loc":{"start":{"line":21,"column":6},"end":{"line":21,"column":37}},"type":"binary-expr","locations":[{"start":{"line":21,"column":6},"end":{"line":21,"column":21}},{"start":{"line":21,"column":25},"end":{"line":21,"column":37}}],"line":21},"3":{"loc":{"start":{"line":27,"column":2},"end":{"line":27,"column":59}},"type":"if","locations":[{"start":{"line":27,"column":2},"end":{"line":27,"column":59}},{"start":{},"end":{}}],"line":27},"4":{"loc":{"start":{"line":28,"column":2},"end":{"line":28,"column":56}},"type":"if","locations":[{"start":{"line":28,"column":2},"end":{"line":28,"column":56}},{"start":{},"end":{}}],"line":28},"5":{"loc":{"start":{"line":29,"column":2},"end":{"line":29,"column":59}},"type":"if","locations":[{"start":{"line":29,"column":2},"end":{"line":29,"column":59}},{"start":{},"end":{}}],"line":29},"6":{"loc":{"start":{"line":36,"column":4},"end":{"line":36,"column":27}},"type":"if","locations":[{"start":{"line":36,"column":4},"end":{"line":36,"column":27}},{"start":{},"end":{}}],"line":36},"7":{"loc":{"start":{"line":65,"column":4},"end":{"line":68,"column":5}},"type":"if","locations":[{"start":{"line":65,"column":4},"end":{"line":68,"column":5}},{"start":{},"end":{}}],"line":65},"8":{"loc":{"start":{"line":72,"column":4},"end":{"line":74,"column":5}},"type":"if","locations":[{"start":{"line":72,"column":4},"end":{"line":74,"column":5}},{"start":{},"end":{}}],"line":72},"9":{"loc":{"start":{"line":72,"column":8},"end":{"line":72,"column":34}},"type":"binary-expr","locations":[{"start":{"line":72,"column":8},"end":{"line":72,"column":13}},{"start":{"line":72,"column":17},"end":{"line":72,"column":34}}],"line":72},"10":{"loc":{"start":{"line":90,"column":15},"end":{"line":90,"column":38}},"type":"binary-expr","locations":[{"start":{"line":90,"column":15},"end":{"line":90,"column":19}},{"start":{"line":90,"column":23},"end":{"line":90,"column":38}}],"line":90},"11":{"loc":{"start":{"line":91,"column":12},"end":{"line":91,"column":33}},"type":"cond-expr","locations":[{"start":{"line":91,"column":19},"end":{"line":91,"column":26}},{"start":{"line":91,"column":29},"end":{"line":91,"column":33}}],"line":91}},"s":{"0":2,"1":0,"2":0,"3":0,"4":0,"5":0,"6":0,"7":2,"8":0,"9":0,"10":0,"11":0,"12":0,"13":0,"14":0,"15":0,"16":0,"17":0,"18":0,"19":0,"20":0,"21":0,"22":0,"23":0,"24":0,"25":0,"26":2,"27":0,"28":0,"29":0,"30":0,"31":0,"32":0,"33":0,"34":0,"35":0,"36":0,"37":0,"38":0,"39":0,"40":0,"41":0,"42":0,"43":0},"f":{"0":0,"1":0,"2":0},"b":{"0":[0,0],"1":[0,0],"2":[0,0],"3":[0,0],"4":[0,0],"5":[0,0],"6":[0,0],"7":[0,0],"8":[0,0],"9":[0,0],"10":[0,0],"11":[0,0]},"_coverageSchema":"1a1c01bbd47fc00a2c39e90264f33305004495a9","hash":"6ed2a8654152dfdeae27fa829d21525d013f913e"}
,"C:\\Users\\HP\\Documents\\Decimo semestre\\Auditoria de sistemas\\SIMTR\\backend\\controllers\\audit.controller.js": {"path":"C:\\Users\\HP\\Documents\\Decimo semestre\\Auditoria de sistemas\\SIMTR\\backend\\controllers\\audit.controller.js","statementMap":{"0":{"start":{"line":3,"column":28},"end":{"line":26,"column":1}},"1":{"start":{"line":4,"column":2},"end":{"line":25,"column":3}},"2":{"start":{"line":5,"column":16},"end":{"line":9,"column":17}},"3":{"start":{"line":11,"column":4},"end":{"line":13,"column":5}},"4":{"start":{"line":12,"column":6},"end":{"line":12,"column":59}},"5":{"start":{"line":15,"column":4},"end":{"line":17,"column":5}},"6":{"start":{"line":16,"column":6},"end":{"line":16,"column":67}},"7":{"start":{"line":19,"column":28},"end":{"line":19,"column":39}},"8":{"start":{"line":21,"column":4},"end":{"line":21,"column":27}},"9":{"start":{"line":21,"column":15},"end":{"line":21,"column":27}},"10":{"start":{"line":22,"column":4},"end":{"line":22,"column":19}},"11":{"start":{"line":24,"column":4},"end":{"line":24,"column":51}}},"fnMap":{"0":{"name":"(anonymous_0)","decl":{"start":{"line":3,"column":28},"end":{"line":3,"column":29}},"loc":{"start":{"line":3,"column":48},"end":{"line":26,"column":1}},"line":3}},"branchMap":{"0":{"loc":{"start":{"line":11,"column":4},"end":{"line":13,"column":5}},"type":"if","locations":[{"start":{"line":11,"column":4},"end":{"line":13,"column":5}},{"start":{},"end":{}}],"line":11},"1":{"loc":{"start":{"line":15,"column":4},"end":{"line":17,"column":5}},"type":"if","locations":[{"start":{"line":15,"column":4},"end":{"line":17,"column":5}},{"start":{},"end":{}}],"line":15},"2":{"loc":{"start":{"line":21,"column":4},"end":{"line":21,"column":27}},"type":"if","locations":[{"start":{"line":21,"column":4},"end":{"line":21,"column":27}},{"start":{},"end":{}}],"line":21}},"s":{"0":2,"1":1,"2":1,"3":1,"4":0,"5":1,"6":1,"7":1,"8":1,"9":0,"10":1,"11":0},"f":{"0":1},"b":{"0":[0,1],"1":[1,0],"2":[0,1]},"_coverageSchema":"1a1c01bbd47fc00a2c39e90264f33305004495a9","hash":"2f7b86f1dbda609688bfe286b69ba806c8722090"}
,"C:\\Users\\HP\\Documents\\Decimo semestre\\Auditoria de sistemas\\SIMTR\\backend\\controllers\\auth.controller.js": {"path":"C:\\Users\\HP\\Documents\\Decimo semestre\\Auditoria de sistemas\\SIMTR\\backend\\controllers\\auth.controller.js","statementMap":{"0":{"start":{"line":3,"column":24},"end":{"line":64,"column":1}},"1":{"start":{"line":4,"column":62},"end":{"line":4,"column":70}},"2":{"start":{"line":6,"column":2},"end":{"line":10,"column":3}},"3":{"start":{"line":7,"column":4},"end":{"line":9,"column":76}},"4":{"start":{"line":15,"column":4},"end":{"line":17,"column":22}},"5":{"start":{"line":19,"column":2},"end":{"line":63,"column":3}},"6":{"start":{"line":21,"column":49},"end":{"line":27,"column":6}},"7":{"start":{"line":29,"column":4},"end":{"line":29,"column":35}},"8":{"start":{"line":29,"column":19},"end":{"line":29,"column":35}},"9":{"start":{"line":34,"column":4},"end":{"line":53,"column":5}},"10":{"start":{"line":35,"column":51},"end":{"line":45,"column":17}},"11":{"start":{"line":47,"column":6},"end":{"line":47,"column":33}},"12":{"start":{"line":47,"column":19},"end":{"line":47,"column":33}},"13":{"start":{"line":49,"column":6},"end":{"line":52,"column":9}},"14":{"start":{"line":55,"column":4},"end":{"line":60,"column":9}},"15":{"start":{"line":62,"column":4},"end":{"line":62,"column":51}},"16":{"start":{"line":66,"column":21},"end":{"line":110,"column":1}},"17":{"start":{"line":67,"column":30},"end":{"line":67,"column":38}},"18":{"start":{"line":69,"column":2},"end":{"line":71,"column":3}},"19":{"start":{"line":70,"column":4},"end":{"line":70,"column":75}},"20":{"start":{"line":73,"column":2},"end":{"line":109,"column":3}},"21":{"start":{"line":75,"column":28},"end":{"line":78,"column":6}},"22":{"start":{"line":80,"column":4},"end":{"line":80,"column":27}},"23":{"start":{"line":80,"column":15},"end":{"line":80,"column":27}},"24":{"start":{"line":83,"column":31},"end":{"line":87,"column":15}},"25":{"start":{"line":89,"column":4},"end":{"line":93,"column":5}},"26":{"start":{"line":90,"column":6},"end":{"line":92,"column":71}},"27":{"start":{"line":95,"column":4},"end":{"line":106,"column":7}},"28":{"start":{"line":108,"column":4},"end":{"line":108,"column":51}},"29":{"start":{"line":112,"column":22},"end":{"line":126,"column":1}},"30":{"start":{"line":114,"column":2},"end":{"line":125,"column":3}},"31":{"start":{"line":115,"column":23},"end":{"line":115,"column":48}},"32":{"start":{"line":116,"column":4},"end":{"line":120,"column":5}},"33":{"start":{"line":117,"column":20},"end":{"line":117,"column":44}},"34":{"start":{"line":119,"column":6},"end":{"line":119,"column":41}},"35":{"start":{"line":122,"column":4},"end":{"line":122,"column":58}},"36":{"start":{"line":124,"column":4},"end":{"line":124,"column":51}}},"fnMap":{"0":{"name":"(anonymous_0)","decl":{"start":{"line":3,"column":24},"end":{"line":3,"column":25}},"loc":{"start":{"line":3,"column":44},"end":{"line":64,"column":1}},"line":3},"1":{"name":"(anonymous_1)","decl":{"start":{"line":66,"column":21},"end":{"line":66,"column":22}},"loc":{"start":{"line":66,"column":41},"end":{"line":110,"column":1}},"line":66},"2":{"name":"(anonymous_2)","decl":{"start":{"line":112,"column":22},"end":{"line":112,"column":23}},"loc":{"start":{"line":112,"column":42},"end":{"line":126,"column":1}},"line":112}},"branchMap":{"0":{"loc":{"start":{"line":6,"column":2},"end":{"line":10,"column":3}},"type":"if","locations":[{"start":{"line":6,"column":2},"end":{"line":10,"column":3}},{"start":{},"end":{}}],"line":6},"1":{"loc":{"start":{"line":6,"column":6},"end":{"line":6,"column":45}},"type":"binary-expr","locations":[{"start":{"line":6,"column":6},"end":{"line":6,"column":12}},{"start":{"line":6,"column":16},"end":{"line":6,"column":25}},{"start":{"line":6,"column":29},"end":{"line":6,"column":45}}],"line":6},"2":{"loc":{"start":{"line":15,"column":4},"end":{"line":17,"column":22}},"type":"cond-expr","locations":[{"start":{"line":16,"column":8},"end":{"line":16,"column":11}},{"start":{"line":17,"column":8},"end":{"line":17,"column":22}}],"line":15},"3":{"loc":{"start":{"line":15,"column":4},"end":{"line":15,"column":62}},"type":"binary-expr","locations":[{"start":{"line":15,"column":4},"end":{"line":15,"column":7}},{"start":{"line":15,"column":11},"end":{"line":15,"column":62}}],"line":15},"4":{"loc":{"start":{"line":25,"column":25},"end":{"line":25,"column":74}},"type":"binary-expr","locations":[{"start":{"line":25,"column":25},"end":{"line":25,"column":47}},{"start":{"line":25,"column":51},"end":{"line":25,"column":74}}],"line":25},"5":{"loc":{"start":{"line":29,"column":4},"end":{"line":29,"column":35}},"type":"if","locations":[{"start":{"line":29,"column":4},"end":{"line":29,"column":35}},{"start":{},"end":{}}],"line":29},"6":{"loc":{"start":{"line":34,"column":4},"end":{"line":53,"column":5}},"type":"if","locations":[{"start":{"line":34,"column":4},"end":{"line":53,"column":5}},{"start":{},"end":{}}],"line":34},"7":{"loc":{"start":{"line":47,"column":6},"end":{"line":47,"column":33}},"type":"if","locations":[{"start":{"line":47,"column":6},"end":{"line":47,"column":33}},{"start":{},"end":{}}],"line":47},"8":{"loc":{"start":{"line":69,"column":2},"end":{"line":71,"column":3}},"type":"if","locations":[{"start":{"line":69,"column":2},"end":{"line":71,"column":3}},{"start":{},"end":{}}],"line":69},"9":{"loc":{"start":{"line":69,"column":6},"end":{"line":69,"column":25}},"type":"binary-expr","locations":[{"start":{"line":69,"column":6},"end":{"line":69,"column":12}},{"start":{"line":69,"column":16},"end":{"line":69,"column":25}}],"line":69},"10":{"loc":{"start":{"line":80,"column":4},"end":{"line":80,"column":27}},"type":"if","locations":[{"start":{"line":80,"column":4},"end":{"line":80,"column":27}},{"start":{},"end":{}}],"line":80},"11":{"loc":{"start":{"line":89,"column":4},"end":{"line":93,"column":5}},"type":"if","locations":[{"start":{"line":89,"column":4},"end":{"line":93,"column":5}},{"start":{},"end":{}}],"line":89},"12":{"loc":{"start":{"line":89,"column":8},"end":{"line":89,"column":36}},"type":"binary-expr","locations":[{"start":{"line":89,"column":8},"end":{"line":89,"column":16}},{"start":{"line":89,"column":20},"end":{"line":89,"column":36}}],"line":89},"13":{"loc":{"start":{"line":116,"column":4},"end":{"line":120,"column":5}},"type":"if","locations":[{"start":{"line":116,"column":4},"end":{"line":120,"column":5}},{"start":{},"end":{}}],"line":116}},"s":{"0":2,"1":0,"2":0,"3":0,"4":0,"5":0,"6":0,"7":0,"8":0,"9":0,"10":0,"11":0,"12":0,"13":0,"14":0,"15":0,"16":2,"17":0,"18":0,"19":0,"20":0,"21":0,"22":0,"23":0,"24":0,"25":0,"26":0,"27":0,"28":0,"29":2,"30":0,"31":0,"32":0,"33":0,"34":0,"35":0,"36":0},"f":{"0":0,"1":0,"2":0},"b":{"0":[0,0],"1":[0,0,0],"2":[0,0],"3":[0,0],"4":[0,0],"5":[0,0],"6":[0,0],"7":[0,0],"8":[0,0],"9":[0,0],"10":[0,0],"11":[0,0],"12":[0,0],"13":[0,0]},"_coverageSchema":"1a1c01bbd47fc00a2c39e90264f33305004495a9","hash":"77f692941a5179124504e923da832d0bcb323e89"}
,"C:\\Users\\HP\\Documents\\Decimo semestre\\Auditoria de sistemas\\SIMTR\\backend\\controllers\\damnificados.controller.js": {"path":"C:\\Users\\HP\\Documents\\Decimo semestre\\Auditoria de sistemas\\SIMTR\\backend\\controllers\\damnificados.controller.js","statementMap":{"0":{"start":{"line":4,"column":31},"end":{"line":12,"column":1}},"1":{"start":{"line":5,"column":2},"end":{"line":11,"column":3}},"2":{"start":{"line":6,"column":28},"end":{"line":6,"column":75}},"3":{"start":{"line":7,"column":4},"end":{"line":7,"column":27}},"4":{"start":{"line":7,"column":15},"end":{"line":7,"column":27}},"5":{"start":{"line":8,"column":4},"end":{"line":8,"column":19}},"6":{"start":{"line":10,"column":4},"end":{"line":10,"column":51}},"7":{"start":{"line":14,"column":34},"end":{"line":24,"column":1}},"8":{"start":{"line":15,"column":17},"end":{"line":15,"column":27}},"9":{"start":{"line":16,"column":2},"end":{"line":23,"column":3}},"10":{"start":{"line":17,"column":28},"end":{"line":17,"column":97}},"11":{"start":{"line":18,"column":4},"end":{"line":18,"column":27}},"12":{"start":{"line":18,"column":15},"end":{"line":18,"column":27}},"13":{"start":{"line":19,"column":4},"end":{"line":19,"column":83}},"14":{"start":{"line":19,"column":15},"end":{"line":19,"column":83}},"15":{"start":{"line":20,"column":4},"end":{"line":20,"column":19}},"16":{"start":{"line":22,"column":4},"end":{"line":22,"column":51}},"17":{"start":{"line":26,"column":33},"end":{"line":64,"column":1}},"18":{"start":{"line":27,"column":159},"end":{"line":27,"column":167}},"19":{"start":{"line":28,"column":25},"end":{"line":28,"column":37}},"20":{"start":{"line":30,"column":2},"end":{"line":32,"column":3}},"21":{"start":{"line":31,"column":4},"end":{"line":31,"column":73}},"22":{"start":{"line":35,"column":18},"end":{"line":40,"column":3}},"23":{"start":{"line":42,"column":2},"end":{"line":42,"column":68}},"24":{"start":{"line":42,"column":24},"end":{"line":42,"column":68}},"25":{"start":{"line":43,"column":2},"end":{"line":43,"column":44}},"26":{"start":{"line":43,"column":16},"end":{"line":43,"column":44}},"27":{"start":{"line":45,"column":2},"end":{"line":63,"column":3}},"28":{"start":{"line":46,"column":28},"end":{"line":49,"column":15}},"29":{"start":{"line":50,"column":4},"end":{"line":50,"column":27}},"30":{"start":{"line":50,"column":15},"end":{"line":50,"column":27}},"31":{"start":{"line":52,"column":4},"end":{"line":58,"column":7}},"32":{"start":{"line":60,"column":4},"end":{"line":60,"column":34}},"33":{"start":{"line":62,"column":4},"end":{"line":62,"column":51}},"34":{"start":{"line":66,"column":33},"end":{"line":95,"column":1}},"35":{"start":{"line":67,"column":17},"end":{"line":67,"column":27}},"36":{"start":{"line":68,"column":18},"end":{"line":68,"column":33}},"37":{"start":{"line":71,"column":2},"end":{"line":71,"column":71}},"38":{"start":{"line":71,"column":39},"end":{"line":71,"column":71}},"39":{"start":{"line":72,"column":2},"end":{"line":72,"column":55}},"40":{"start":{"line":72,"column":31},"end":{"line":72,"column":55}},"41":{"start":{"line":74,"column":2},"end":{"line":94,"column":3}},"42":{"start":{"line":75,"column":28},"end":{"line":79,"column":15}},"43":{"start":{"line":80,"column":4},"end":{"line":80,"column":27}},"44":{"start":{"line":80,"column":15},"end":{"line":80,"column":27}},"45":{"start":{"line":81,"column":4},"end":{"line":81,"column":95}},"46":{"start":{"line":81,"column":27},"end":{"line":81,"column":95}},"47":{"start":{"line":83,"column":4},"end":{"line":89,"column":7}},"48":{"start":{"line":91,"column":4},"end":{"line":91,"column":22}},"49":{"start":{"line":93,"column":4},"end":{"line":93,"column":51}}},"fnMap":{"0":{"name":"(anonymous_0)","decl":{"start":{"line":4,"column":31},"end":{"line":4,"column":32}},"loc":{"start":{"line":4,"column":51},"end":{"line":12,"column":1}},"line":4},"1":{"name":"(anonymous_1)","decl":{"start":{"line":14,"column":34},"end":{"line":14,"column":35}},"loc":{"start":{"line":14,"column":54},"end":{"line":24,"column":1}},"line":14},"2":{"name":"(anonymous_2)","decl":{"start":{"line":26,"column":33},"end":{"line":26,"column":34}},"loc":{"start":{"line":26,"column":53},"end":{"line":64,"column":1}},"line":26},"3":{"name":"(anonymous_3)","decl":{"start":{"line":66,"column":33},"end":{"line":66,"column":34}},"loc":{"start":{"line":66,"column":53},"end":{"line":95,"column":1}},"line":66}},"branchMap":{"0":{"loc":{"start":{"line":7,"column":4},"end":{"line":7,"column":27}},"type":"if","locations":[{"start":{"line":7,"column":4},"end":{"line":7,"column":27}},{"start":{},"end":{}}],"line":7},"1":{"loc":{"start":{"line":18,"column":4},"end":{"line":18,"column":27}},"type":"if","locations":[{"start":{"line":18,"column":4},"end":{"line":18,"column":27}},{"start":{},"end":{}}],"line":18},"2":{"loc":{"start":{"line":19,"column":4},"end":{"line":19,"column":83}},"type":"if","locations":[{"start":{"line":19,"column":4},"end":{"line":19,"column":83}},{"start":{},"end":{}}],"line":19},"3":{"loc":{"start":{"line":30,"column":2},"end":{"line":32,"column":3}},"type":"if","locations":[{"start":{"line":30,"column":2},"end":{"line":32,"column":3}},{"start":{},"end":{}}],"line":30},"4":{"loc":{"start":{"line":30,"column":6},"end":{"line":30,"column":117}},"type":"binary-expr","locations":[{"start":{"line":30,"column":6},"end":{"line":30,"column":23}},{"start":{"line":30,"column":27},"end":{"line":30,"column":42}},{"start":{"line":30,"column":46},"end":{"line":30,"column":54}},{"start":{"line":30,"column":58},"end":{"line":30,"column":68}},{"start":{"line":30,"column":72},"end":{"line":30,"column":79}},{"start":{"line":30,"column":83},"end":{"line":30,"column":99}},{"start":{"line":30,"column":103},"end":{"line":30,"column":117}}],"line":30},"5":{"loc":{"start":{"line":38,"column":12},"end":{"line":38,"column":48}},"type":"cond-expr","locations":[{"start":{"line":38,"column":35},"end":{"line":38,"column":41}},{"start":{"line":38,"column":44},"end":{"line":38,"column":48}}],"line":38},"6":{"loc":{"start":{"line":42,"column":2},"end":{"line":42,"column":68}},"type":"if","locations":[{"start":{"line":42,"column":2},"end":{"line":42,"column":68}},{"start":{},"end":{}}],"line":42},"7":{"loc":{"start":{"line":43,"column":2},"end":{"line":43,"column":44}},"type":"if","locations":[{"start":{"line":43,"column":2},"end":{"line":43,"column":44}},{"start":{},"end":{}}],"line":43},"8":{"loc":{"start":{"line":50,"column":4},"end":{"line":50,"column":27}},"type":"if","locations":[{"start":{"line":50,"column":4},"end":{"line":50,"column":27}},{"start":{},"end":{}}],"line":50},"9":{"loc":{"start":{"line":71,"column":2},"end":{"line":71,"column":71}},"type":"if","locations":[{"start":{"line":71,"column":2},"end":{"line":71,"column":71}},{"start":{},"end":{}}],"line":71},"10":{"loc":{"start":{"line":72,"column":2},"end":{"line":72,"column":55}},"type":"if","locations":[{"start":{"line":72,"column":2},"end":{"line":72,"column":55}},{"start":{},"end":{}}],"line":72},"11":{"loc":{"start":{"line":80,"column":4},"end":{"line":80,"column":27}},"type":"if","locations":[{"start":{"line":80,"column":4},"end":{"line":80,"column":27}},{"start":{},"end":{}}],"line":80},"12":{"loc":{"start":{"line":81,"column":4},"end":{"line":81,"column":95}},"type":"if","locations":[{"start":{"line":81,"column":4},"end":{"line":81,"column":95}},{"start":{},"end":{}}],"line":81}},"s":{"0":2,"1":0,"2":0,"3":0,"4":0,"5":0,"6":0,"7":2,"8":0,"9":0,"10":0,"11":0,"12":0,"13":0,"14":0,"15":0,"16":0,"17":2,"18":2,"19":2,"20":2,"21":0,"22":2,"23":2,"24":0,"25":2,"26":0,"27":2,"28":2,"29":2,"30":1,"31":1,"32":1,"33":1,"34":2,"35":0,"36":0,"37":0,"38":0,"39":0,"40":0,"41":0,"42":0,"43":0,"44":0,"45":0,"46":0,"47":0,"48":0,"49":0},"f":{"0":0,"1":0,"2":2,"3":0},"b":{"0":[0,0],"1":[0,0],"2":[0,0],"3":[0,2],"4":[2,2,2,2,2,2,2],"5":[2,0],"6":[0,2],"7":[0,2],"8":[1,1],"9":[0,0],"10":[0,0],"11":[0,0],"12":[0,0]},"_coverageSchema":"1a1c01bbd47fc00a2c39e90264f33305004495a9","hash":"5f6e682731b41adc00bac5cda4ccb7b23e604b44"}
,"C:\\Users\\HP\\Documents\\Decimo semestre\\Auditoria de sistemas\\SIMTR\\backend\\controllers\\entregas_ayuda.controller.js": {"path":"C:\\Users\\HP\\Documents\\Decimo semestre\\Auditoria de sistemas\\SIMTR\\backend\\controllers\\entregas_ayuda.controller.js","statementMap":{"0":{"start":{"line":4,"column":32},"end":{"line":15,"column":1}},"1":{"start":{"line":5,"column":2},"end":{"line":14,"column":3}},"2":{"start":{"line":6,"column":28},"end":{"line":9,"column":51}},"3":{"start":{"line":10,"column":4},"end":{"line":10,"column":27}},"4":{"start":{"line":10,"column":15},"end":{"line":10,"column":27}},"5":{"start":{"line":11,"column":4},"end":{"line":11,"column":19}},"6":{"start":{"line":13,"column":4},"end":{"line":13,"column":51}},"7":{"start":{"line":17,"column":35},"end":{"line":30,"column":1}},"8":{"start":{"line":18,"column":17},"end":{"line":18,"column":27}},"9":{"start":{"line":19,"column":2},"end":{"line":29,"column":3}},"10":{"start":{"line":20,"column":28},"end":{"line":24,"column":15}},"11":{"start":{"line":25,"column":4},"end":{"line":25,"column":27}},"12":{"start":{"line":25,"column":15},"end":{"line":25,"column":27}},"13":{"start":{"line":26,"column":4},"end":{"line":26,"column":19}},"14":{"start":{"line":28,"column":4},"end":{"line":28,"column":51}},"15":{"start":{"line":32,"column":34},"end":{"line":70,"column":1}},"16":{"start":{"line":33,"column":147},"end":{"line":33,"column":155}},"17":{"start":{"line":34,"column":25},"end":{"line":34,"column":37}},"18":{"start":{"line":36,"column":2},"end":{"line":38,"column":3}},"19":{"start":{"line":37,"column":4},"end":{"line":37,"column":73}},"20":{"start":{"line":40,"column":2},"end":{"line":69,"column":3}},"21":{"start":{"line":41,"column":28},"end":{"line":55,"column":15}},"22":{"start":{"line":56,"column":4},"end":{"line":56,"column":27}},"23":{"start":{"line":56,"column":15},"end":{"line":56,"column":27}},"24":{"start":{"line":58,"column":4},"end":{"line":64,"column":7}},"25":{"start":{"line":66,"column":4},"end":{"line":66,"column":34}},"26":{"start":{"line":68,"column":4},"end":{"line":68,"column":51}},"27":{"start":{"line":72,"column":34},"end":{"line":118,"column":1}},"28":{"start":{"line":73,"column":17},"end":{"line":73,"column":27}},"29":{"start":{"line":84,"column":6},"end":{"line":84,"column":14}},"30":{"start":{"line":87,"column":18},"end":{"line":87,"column":20}},"31":{"start":{"line":88,"column":2},"end":{"line":88,"column":76}},"32":{"start":{"line":88,"column":36},"end":{"line":88,"column":76}},"33":{"start":{"line":89,"column":2},"end":{"line":89,"column":73}},"34":{"start":{"line":89,"column":35},"end":{"line":89,"column":73}},"35":{"start":{"line":90,"column":2},"end":{"line":90,"column":58}},"36":{"start":{"line":90,"column":30},"end":{"line":90,"column":58}},"37":{"start":{"line":91,"column":2},"end":{"line":91,"column":91}},"38":{"start":{"line":91,"column":41},"end":{"line":91,"column":91}},"39":{"start":{"line":92,"column":2},"end":{"line":92,"column":73}},"40":{"start":{"line":92,"column":35},"end":{"line":92,"column":73}},"41":{"start":{"line":93,"column":2},"end":{"line":93,"column":76}},"42":{"start":{"line":93,"column":36},"end":{"line":93,"column":76}},"43":{"start":{"line":94,"column":2},"end":{"line":94,"column":73}},"44":{"start":{"line":94,"column":35},"end":{"line":94,"column":73}},"45":{"start":{"line":95,"column":2},"end":{"line":95,"column":52}},"46":{"start":{"line":95,"column":28},"end":{"line":95,"column":52}},"47":{"start":{"line":96,"column":2},"end":{"line":96,"column":82}},"48":{"start":{"line":96,"column":38},"end":{"line":96,"column":82}},"49":{"start":{"line":98,"column":2},"end":{"line":117,"column":3}},"50":{"start":{"line":99,"column":28},"end":{"line":103,"column":15}},"51":{"start":{"line":104,"column":4},"end":{"line":104,"column":27}},"52":{"start":{"line":104,"column":15},"end":{"line":104,"column":27}},"53":{"start":{"line":106,"column":4},"end":{"line":112,"column":7}},"54":{"start":{"line":114,"column":4},"end":{"line":114,"column":22}},"55":{"start":{"line":116,"column":4},"end":{"line":116,"column":51}},"56":{"start":{"line":120,"column":34},"end":{"line":145,"column":1}},"57":{"start":{"line":121,"column":17},"end":{"line":121,"column":27}},"58":{"start":{"line":122,"column":31},"end":{"line":122,"column":39}},"59":{"start":{"line":124,"column":2},"end":{"line":144,"column":3}},"60":{"start":{"line":125,"column":28},"end":{"line":129,"column":15}},"61":{"start":{"line":130,"column":4},"end":{"line":130,"column":27}},"62":{"start":{"line":130,"column":15},"end":{"line":130,"column":27}},"63":{"start":{"line":132,"column":4},"end":{"line":139,"column":7}},"64":{"start":{"line":141,"column":4},"end":{"line":141,"column":74}},"65":{"start":{"line":143,"column":4},"end":{"line":143,"column":51}}},"fnMap":{"0":{"name":"(anonymous_0)","decl":{"start":{"line":4,"column":32},"end":{"line":4,"column":33}},"loc":{"start":{"line":4,"column":52},"end":{"line":15,"column":1}},"line":4},"1":{"name":"(anonymous_1)","decl":{"start":{"line":17,"column":35},"end":{"line":17,"column":36}},"loc":{"start":{"line":17,"column":55},"end":{"line":30,"column":1}},"line":17},"2":{"name":"(anonymous_2)","decl":{"start":{"line":32,"column":34},"end":{"line":32,"column":35}},"loc":{"start":{"line":32,"column":54},"end":{"line":70,"column":1}},"line":32},"3":{"name":"(anonymous_3)","decl":{"start":{"line":72,"column":34},"end":{"line":72,"column":35}},"loc":{"start":{"line":72,"column":54},"end":{"line":118,"column":1}},"line":72},"4":{"name":"(anonymous_4)","decl":{"start":{"line":120,"column":34},"end":{"line":120,"column":35}},"loc":{"start":{"line":120,"column":54},"end":{"line":145,"column":1}},"line":120}},"branchMap":{"0":{"loc":{"start":{"line":10,"column":4},"end":{"line":10,"column":27}},"type":"if","locations":[{"start":{"line":10,"column":4},"end":{"line":10,"column":27}},{"start":{},"end":{}}],"line":10},"1":{"loc":{"start":{"line":25,"column":4},"end":{"line":25,"column":27}},"type":"if","locations":[{"start":{"line":25,"column":4},"end":{"line":25,"column":27}},{"start":{},"end":{}}],"line":25},"2":{"loc":{"start":{"line":36,"column":2},"end":{"line":38,"column":3}},"type":"if","locations":[{"start":{"line":36,"column":2},"end":{"line":38,"column":3}},{"start":{},"end":{}}],"line":36},"3":{"loc":{"start":{"line":36,"column":6},"end":{"line":36,"column":82}},"type":"binary-expr","locations":[{"start":{"line":36,"column":6},"end":{"line":36,"column":21}},{"start":{"line":36,"column":25},"end":{"line":36,"column":39}},{"start":{"line":36,"column":43},"end":{"line":36,"column":52}},{"start":{"line":36,"column":56},"end":{"line":36,"column":71}},{"start":{"line":36,"column":75},"end":{"line":36,"column":82}}],"line":36},"4":{"loc":{"start":{"line":48,"column":23},"end":{"line":48,"column":50}},"type":"binary-expr","locations":[{"start":{"line":48,"column":23},"end":{"line":48,"column":36}},{"start":{"line":48,"column":40},"end":{"line":48,"column":50}}],"line":48},"5":{"loc":{"start":{"line":56,"column":4},"end":{"line":56,"column":27}},"type":"if","locations":[{"start":{"line":56,"column":4},"end":{"line":56,"column":27}},{"start":{},"end":{}}],"line":56},"6":{"loc":{"start":{"line":88,"column":2},"end":{"line":88,"column":76}},"type":"if","locations":[{"start":{"line":88,"column":2},"end":{"line":88,"column":76}},{"start":{},"end":{}}],"line":88},"7":{"loc":{"start":{"line":89,"column":2},"end":{"line":89,"column":73}},"type":"if","locations":[{"start":{"line":89,"column":2},"end":{"line":89,"column":73}},{"start":{},"end":{}}],"line":89},"8":{"loc":{"start":{"line":90,"column":2},"end":{"line":90,"column":58}},"type":"if","locations":[{"start":{"line":90,"column":2},"end":{"line":90,"column":58}},{"start":{},"end":{}}],"line":90},"9":{"loc":{"start":{"line":91,"column":2},"end":{"line":91,"column":91}},"type":"if","locations":[{"start":{"line":91,"column":2},"end":{"line":91,"column":91}},{"start":{},"end":{}}],"line":91},"10":{"loc":{"start":{"line":92,"column":2},"end":{"line":92,"column":73}},"type":"if","locations":[{"start":{"line":92,"column":2},"end":{"line":92,"column":73}},{"start":{},"end":{}}],"line":92},"11":{"loc":{"start":{"line":93,"column":2},"end":{"line":93,"column":76}},"type":"if","locations":[{"start":{"line":93,"column":2},"end":{"line":93,"column":76}},{"start":{},"end":{}}],"line":93},"12":{"loc":{"start":{"line":94,"column":2},"end":{"line":94,"column":73}},"type":"if","locations":[{"start":{"line":94,"column":2},"end":{"line":94,"column":73}},{"start":{},"end":{}}],"line":94},"13":{"loc":{"start":{"line":95,"column":2},"end":{"line":95,"column":52}},"type":"if","locations":[{"start":{"line":95,"column":2},"end":{"line":95,"column":52}},{"start":{},"end":{}}],"line":95},"14":{"loc":{"start":{"line":96,"column":2},"end":{"line":96,"column":82}},"type":"if","locations":[{"start":{"line":96,"column":2},"end":{"line":96,"column":82}},{"start":{},"end":{}}],"line":96},"15":{"loc":{"start":{"line":104,"column":4},"end":{"line":104,"column":27}},"type":"if","locations":[{"start":{"line":104,"column":4},"end":{"line":104,"column":27}},{"start":{},"end":{}}],"line":104},"16":{"loc":{"start":{"line":130,"column":4},"end":{"line":130,"column":27}},"type":"if","locations":[{"start":{"line":130,"column":4},"end":{"line":130,"column":27}},{"start":{},"end":{}}],"line":130}},"s":{"0":2,"1":0,"2":0,"3":0,"4":0,"5":0,"6":0,"7":2,"8":0,"9":0,"10":0,"11":0,"12":0,"13":0,"14":0,"15":2,"16":1,"17":1,"18":1,"19":0,"20":1,"21":1,"22":1,"23":0,"24":1,"25":1,"26":0,"27":2,"28":1,"29":1,"30":1,"31":1,"32":0,"33":1,"34":0,"35":1,"36":0,"37":1,"38":0,"39":1,"40":0,"41":1,"42":0,"43":1,"44":0,"45":1,"46":1,"47":1,"48":1,"49":1,"50":1,"51":1,"52":0,"53":1,"54":1,"55":0,"56":2,"57":0,"58":0,"59":0,"60":0,"61":0,"62":0,"63":0,"64":0,"65":0},"f":{"0":0,"1":0,"2":1,"3":1,"4":0},"b":{"0":[0,0],"1":[0,0],"2":[0,1],"3":[1,1,1,1,1],"4":[1,1],"5":[0,1],"6":[0,1],"7":[0,1],"8":[0,1],"9":[0,1],"10":[0,1],"11":[0,1],"12":[0,1],"13":[1,0],"14":[1,0],"15":[0,1],"16":[0,0]},"_coverageSchema":"1a1c01bbd47fc00a2c39e90264f33305004495a9","hash":"1b62e19ae92fa48284f8965e2f4fe9cc7e29c037"}
,"C:\\Users\\HP\\Documents\\Decimo semestre\\Auditoria de sistemas\\SIMTR\\backend\\controllers\\tipos_ayuda.controller.js": {"path":"C:\\Users\\HP\\Documents\\Decimo semestre\\Auditoria de sistemas\\SIMTR\\backend\\controllers\\tipos_ayuda.controller.js","statementMap":{"0":{"start":{"line":4,"column":29},"end":{"line":12,"column":1}},"1":{"start":{"line":5,"column":2},"end":{"line":11,"column":3}},"2":{"start":{"line":6,"column":28},"end":{"line":6,"column":74}},"3":{"start":{"line":7,"column":4},"end":{"line":7,"column":27}},"4":{"start":{"line":7,"column":15},"end":{"line":7,"column":27}},"5":{"start":{"line":8,"column":4},"end":{"line":8,"column":19}},"6":{"start":{"line":10,"column":4},"end":{"line":10,"column":51}},"7":{"start":{"line":14,"column":31},"end":{"line":39,"column":1}},"8":{"start":{"line":15,"column":49},"end":{"line":15,"column":57}},"9":{"start":{"line":16,"column":2},"end":{"line":18,"column":3}},"10":{"start":{"line":17,"column":4},"end":{"line":17,"column":73}},"11":{"start":{"line":20,"column":2},"end":{"line":38,"column":3}},"12":{"start":{"line":21,"column":28},"end":{"line":24,"column":15}},"13":{"start":{"line":25,"column":4},"end":{"line":25,"column":27}},"14":{"start":{"line":25,"column":15},"end":{"line":25,"column":27}},"15":{"start":{"line":27,"column":4},"end":{"line":33,"column":7}},"16":{"start":{"line":35,"column":4},"end":{"line":35,"column":34}},"17":{"start":{"line":37,"column":4},"end":{"line":37,"column":51}}},"fnMap":{"0":{"name":"(anonymous_0)","decl":{"start":{"line":4,"column":29},"end":{"line":4,"column":30}},"loc":{"start":{"line":4,"column":49},"end":{"line":12,"column":1}},"line":4},"1":{"name":"(anonymous_1)","decl":{"start":{"line":14,"column":31},"end":{"line":14,"column":32}},"loc":{"start":{"line":14,"column":51},"end":{"line":39,"column":1}},"line":14}},"branchMap":{"0":{"loc":{"start":{"line":7,"column":4},"end":{"line":7,"column":27}},"type":"if","locations":[{"start":{"line":7,"column":4},"end":{"line":7,"column":27}},{"start":{},"end":{}}],"line":7},"1":{"loc":{"start":{"line":16,"column":2},"end":{"line":18,"column":3}},"type":"if","locations":[{"start":{"line":16,"column":2},"end":{"line":18,"column":3}},{"start":{},"end":{}}],"line":16},"2":{"loc":{"start":{"line":16,"column":6},"end":{"line":16,"column":31}},"type":"binary-expr","locations":[{"start":{"line":16,"column":6},"end":{"line":16,"column":13}},{"start":{"line":16,"column":17},"end":{"line":16,"column":31}}],"line":16},"3":{"loc":{"start":{"line":25,"column":4},"end":{"line":25,"column":27}},"type":"if","locations":[{"start":{"line":25,"column":4},"end":{"line":25,"column":27}},{"start":{},"end":{}}],"line":25}},"s":{"0":2,"1":0,"2":0,"3":0,"4":0,"5":0,"6":0,"7":2,"8":0,"9":0,"10":0,"11":0,"12":0,"13":0,"14":0,"15":0,"16":0,"17":0},"f":{"0":0,"1":0},"b":{"0":[0,0],"1":[0,0],"2":[0,0],"3":[0,0]},"_coverageSchema":"1a1c01bbd47fc00a2c39e90264f33305004495a9","hash":"a54a05c10283114860ff06f1fb799c418e97495a"}
,"C:\\Users\\HP\\Documents\\Decimo semestre\\Auditoria de sistemas\\SIMTR\\backend\\controllers\\usuarios.controller.js": {"path":"C:\\Users\\HP\\Documents\\Decimo semestre\\Auditoria de sistemas\\SIMTR\\backend\\controllers\\usuarios.controller.js","statementMap":{"0":{"start":{"line":4,"column":27},"end":{"line":33,"column":1}},"1":{"start":{"line":5,"column":2},"end":{"line":32,"column":3}},"2":{"start":{"line":6,"column":54},"end":{"line":6,"column":97}},"3":{"start":{"line":7,"column":4},"end":{"line":7,"column":39}},"4":{"start":{"line":7,"column":21},"end":{"line":7,"column":39}},"5":{"start":{"line":10,"column":49},"end":{"line":10,"column":86}},"6":{"start":{"line":12,"column":22},"end":{"line":12,"column":33}},"7":{"start":{"line":14,"column":4},"end":{"line":27,"column":5}},"8":{"start":{"line":16,"column":6},"end":{"line":26,"column":9}},"9":{"start":{"line":17,"column":25},"end":{"line":17,"column":77}},"10":{"start":{"line":17,"column":50},"end":{"line":17,"column":76}},"11":{"start":{"line":18,"column":8},"end":{"line":24,"column":9}},"12":{"start":{"line":19,"column":10},"end":{"line":23,"column":12}},"13":{"start":{"line":25,"column":8},"end":{"line":25,"column":20}},"14":{"start":{"line":29,"column":4},"end":{"line":29,"column":26}},"15":{"start":{"line":31,"column":4},"end":{"line":31,"column":51}},"16":{"start":{"line":35,"column":30},"end":{"line":45,"column":1}},"17":{"start":{"line":36,"column":17},"end":{"line":36,"column":27}},"18":{"start":{"line":37,"column":2},"end":{"line":44,"column":3}},"19":{"start":{"line":38,"column":28},"end":{"line":38,"column":93}},"20":{"start":{"line":39,"column":4},"end":{"line":39,"column":27}},"21":{"start":{"line":39,"column":15},"end":{"line":39,"column":27}},"22":{"start":{"line":40,"column":4},"end":{"line":40,"column":79}},"23":{"start":{"line":40,"column":15},"end":{"line":40,"column":79}},"24":{"start":{"line":41,"column":4},"end":{"line":41,"column":19}},"25":{"start":{"line":43,"column":4},"end":{"line":43,"column":51}},"26":{"start":{"line":47,"column":29},"end":{"line":76,"column":1}},"27":{"start":{"line":48,"column":67},"end":{"line":48,"column":75}},"28":{"start":{"line":49,"column":2},"end":{"line":51,"column":3}},"29":{"start":{"line":50,"column":4},"end":{"line":50,"column":86}},"30":{"start":{"line":53,"column":2},"end":{"line":55,"column":3}},"31":{"start":{"line":54,"column":4},"end":{"line":54,"column":59}},"32":{"start":{"line":57,"column":2},"end":{"line":75,"column":3}},"33":{"start":{"line":58,"column":28},"end":{"line":61,"column":15}},"34":{"start":{"line":62,"column":4},"end":{"line":62,"column":27}},"35":{"start":{"line":62,"column":15},"end":{"line":62,"column":27}},"36":{"start":{"line":64,"column":4},"end":{"line":70,"column":7}},"37":{"start":{"line":72,"column":4},"end":{"line":72,"column":34}},"38":{"start":{"line":74,"column":4},"end":{"line":74,"column":51}},"39":{"start":{"line":78,"column":29},"end":{"line":103,"column":1}},"40":{"start":{"line":79,"column":17},"end":{"line":79,"column":27}},"41":{"start":{"line":80,"column":18},"end":{"line":80,"column":26}},"42":{"start":{"line":82,"column":2},"end":{"line":102,"column":3}},"43":{"start":{"line":83,"column":28},"end":{"line":87,"column":15}},"44":{"start":{"line":88,"column":4},"end":{"line":88,"column":27}},"45":{"start":{"line":88,"column":15},"end":{"line":88,"column":27}},"46":{"start":{"line":89,"column":4},"end":{"line":89,"column":91}},"47":{"start":{"line":89,"column":27},"end":{"line":89,"column":91}},"48":{"start":{"line":91,"column":4},"end":{"line":97,"column":7}},"49":{"start":{"line":99,"column":4},"end":{"line":99,"column":22}},"50":{"start":{"line":101,"column":4},"end":{"line":101,"column":51}}},"fnMap":{"0":{"name":"(anonymous_0)","decl":{"start":{"line":4,"column":27},"end":{"line":4,"column":28}},"loc":{"start":{"line":4,"column":47},"end":{"line":33,"column":1}},"line":4},"1":{"name":"(anonymous_1)","decl":{"start":{"line":16,"column":36},"end":{"line":16,"column":37}},"loc":{"start":{"line":16,"column":44},"end":{"line":26,"column":7}},"line":16},"2":{"name":"(anonymous_2)","decl":{"start":{"line":17,"column":45},"end":{"line":17,"column":46}},"loc":{"start":{"line":17,"column":50},"end":{"line":17,"column":76}},"line":17},"3":{"name":"(anonymous_3)","decl":{"start":{"line":35,"column":30},"end":{"line":35,"column":31}},"loc":{"start":{"line":35,"column":50},"end":{"line":45,"column":1}},"line":35},"4":{"name":"(anonymous_4)","decl":{"start":{"line":47,"column":29},"end":{"line":47,"column":30}},"loc":{"start":{"line":47,"column":49},"end":{"line":76,"column":1}},"line":47},"5":{"name":"(anonymous_5)","decl":{"start":{"line":78,"column":29},"end":{"line":78,"column":30}},"loc":{"start":{"line":78,"column":49},"end":{"line":103,"column":1}},"line":78}},"branchMap":{"0":{"loc":{"start":{"line":7,"column":4},"end":{"line":7,"column":39}},"type":"if","locations":[{"start":{"line":7,"column":4},"end":{"line":7,"column":39}},{"start":{},"end":{}}],"line":7},"1":{"loc":{"start":{"line":14,"column":4},"end":{"line":27,"column":5}},"type":"if","locations":[{"start":{"line":14,"column":4},"end":{"line":27,"column":5}},{"start":{},"end":{}}],"line":14},"2":{"loc":{"start":{"line":14,"column":8},"end":{"line":14,"column":48}},"type":"binary-expr","locations":[{"start":{"line":14,"column":8},"end":{"line":14,"column":18}},{"start":{"line":14,"column":22},"end":{"line":14,"column":30}},{"start":{"line":14,"column":34},"end":{"line":14,"column":48}}],"line":14},"3":{"loc":{"start":{"line":18,"column":8},"end":{"line":24,"column":9}},"type":"if","locations":[{"start":{"line":18,"column":8},"end":{"line":24,"column":9}},{"start":{},"end":{}}],"line":18},"4":{"loc":{"start":{"line":39,"column":4},"end":{"line":39,"column":27}},"type":"if","locations":[{"start":{"line":39,"column":4},"end":{"line":39,"column":27}},{"start":{},"end":{}}],"line":39},"5":{"loc":{"start":{"line":40,"column":4},"end":{"line":40,"column":79}},"type":"if","locations":[{"start":{"line":40,"column":4},"end":{"line":40,"column":79}},{"start":{},"end":{}}],"line":40},"6":{"loc":{"start":{"line":49,"column":2},"end":{"line":51,"column":3}},"type":"if","locations":[{"start":{"line":49,"column":2},"end":{"line":51,"column":3}},{"start":{},"end":{}}],"line":49},"7":{"loc":{"start":{"line":49,"column":6},"end":{"line":49,"column":30}},"type":"binary-expr","locations":[{"start":{"line":49,"column":6},"end":{"line":49,"column":10}},{"start":{"line":49,"column":14},"end":{"line":49,"column":30}}],"line":49},"8":{"loc":{"start":{"line":53,"column":2},"end":{"line":55,"column":3}},"type":"if","locations":[{"start":{"line":53,"column":2},"end":{"line":55,"column":3}},{"start":{},"end":{}}],"line":53},"9":{"loc":{"start":{"line":62,"column":4},"end":{"line":62,"column":27}},"type":"if","locations":[{"start":{"line":62,"column":4},"end":{"line":62,"column":27}},{"start":{},"end":{}}],"line":62},"10":{"loc":{"start":{"line":88,"column":4},"end":{"line":88,"column":27}},"type":"if","locations":[{"start":{"line":88,"column":4},"end":{"line":88,"column":27}},{"start":{},"end":{}}],"line":88},"11":{"loc":{"start":{"line":89,"column":4},"end":{"line":89,"column":91}},"type":"if","locations":[{"start":{"line":89,"column":4},"end":{"line":89,"column":91}},{"start":{},"end":{}}],"line":89}},"s":{"0":2,"1":0,"2":0,"3":0,"4":0,"5":0,"6":0,"7":0,"8":0,"9":0,"10":0,"11":0,"12":0,"13":0,"14":0,"15":0,"16":2,"17":0,"18":0,"19":0,"20":0,"21":0,"22":0,"23":0,"24":0,"25":0,"26":2,"27":0,"28":0,"29":0,"30":0,"31":0,"32":0,"33":0,"34":0,"35":0,"36":0,"37":0,"38":0,"39":2,"40":0,"41":0,"42":0,"43":0,"44":0,"45":0,"46":0,"47":0,"48":0,"49":0,"50":0},"f":{"0":0,"1":0,"2":0,"3":0,"4":0,"5":0},"b":{"0":[0,0],"1":[0,0],"2":[0,0,0],"3":[0,0],"4":[0,0],"5":[0,0],"6":[0,0],"7":[0,0],"8":[0,0],"9":[0,0],"10":[0,0],"11":[0,0]},"_coverageSchema":"1a1c01bbd47fc00a2c39e90264f33305004495a9","hash":"6ae07fb75956cd18faf1f8a8e2fae3d0b3feb3ae"}
,"C:\\Users\\HP\\Documents\\Decimo semestre\\Auditoria de sistemas\\SIMTR\\backend\\controllers\\zonas_riesgo.controller.js": {"path":"C:\\Users\\HP\\Documents\\Decimo semestre\\Auditoria de sistemas\\SIMTR\\backend\\controllers\\zonas_riesgo.controller.js","statementMap":{"0":{"start":{"line":4,"column":30},"end":{"line":12,"column":1}},"1":{"start":{"line":5,"column":2},"end":{"line":11,"column":3}},"2":{"start":{"line":6,"column":28},"end":{"line":6,"column":75}},"3":{"start":{"line":7,"column":4},"end":{"line":7,"column":27}},"4":{"start":{"line":7,"column":15},"end":{"line":7,"column":27}},"5":{"start":{"line":8,"column":4},"end":{"line":8,"column":19}},"6":{"start":{"line":10,"column":4},"end":{"line":10,"column":51}},"7":{"start":{"line":14,"column":32},"end":{"line":41,"column":1}},"8":{"start":{"line":15,"column":74},"end":{"line":15,"column":82}},"9":{"start":{"line":16,"column":26},"end":{"line":16,"column":38}},"10":{"start":{"line":18,"column":2},"end":{"line":20,"column":3}},"11":{"start":{"line":19,"column":4},"end":{"line":19,"column":73}},"12":{"start":{"line":22,"column":2},"end":{"line":40,"column":3}},"13":{"start":{"line":23,"column":28},"end":{"line":26,"column":15}},"14":{"start":{"line":27,"column":4},"end":{"line":27,"column":27}},"15":{"start":{"line":27,"column":15},"end":{"line":27,"column":27}},"16":{"start":{"line":29,"column":4},"end":{"line":35,"column":7}},"17":{"start":{"line":37,"column":4},"end":{"line":37,"column":34}},"18":{"start":{"line":39,"column":4},"end":{"line":39,"column":51}},"19":{"start":{"line":43,"column":32},"end":{"line":64,"column":1}},"20":{"start":{"line":44,"column":17},"end":{"line":44,"column":27}},"21":{"start":{"line":45,"column":18},"end":{"line":45,"column":64}},"22":{"start":{"line":47,"column":2},"end":{"line":63,"column":3}},"23":{"start":{"line":48,"column":28},"end":{"line":48,"column":101}},"24":{"start":{"line":49,"column":4},"end":{"line":49,"column":27}},"25":{"start":{"line":49,"column":15},"end":{"line":49,"column":27}},"26":{"start":{"line":50,"column":4},"end":{"line":50,"column":98}},"27":{"start":{"line":50,"column":27},"end":{"line":50,"column":98}},"28":{"start":{"line":52,"column":4},"end":{"line":58,"column":7}},"29":{"start":{"line":60,"column":4},"end":{"line":60,"column":22}},"30":{"start":{"line":62,"column":4},"end":{"line":62,"column":51}}},"fnMap":{"0":{"name":"(anonymous_0)","decl":{"start":{"line":4,"column":30},"end":{"line":4,"column":31}},"loc":{"start":{"line":4,"column":50},"end":{"line":12,"column":1}},"line":4},"1":{"name":"(anonymous_1)","decl":{"start":{"line":14,"column":32},"end":{"line":14,"column":33}},"loc":{"start":{"line":14,"column":52},"end":{"line":41,"column":1}},"line":14},"2":{"name":"(anonymous_2)","decl":{"start":{"line":43,"column":32},"end":{"line":43,"column":33}},"loc":{"start":{"line":43,"column":52},"end":{"line":64,"column":1}},"line":43}},"branchMap":{"0":{"loc":{"start":{"line":7,"column":4},"end":{"line":7,"column":27}},"type":"if","locations":[{"start":{"line":7,"column":4},"end":{"line":7,"column":27}},{"start":{},"end":{}}],"line":7},"1":{"loc":{"start":{"line":18,"column":2},"end":{"line":20,"column":3}},"type":"if","locations":[{"start":{"line":18,"column":2},"end":{"line":20,"column":3}},{"start":{},"end":{}}],"line":18},"2":{"loc":{"start":{"line":18,"column":6},"end":{"line":18,"column":51}},"type":"binary-expr","locations":[{"start":{"line":18,"column":6},"end":{"line":18,"column":13}},{"start":{"line":18,"column":17},"end":{"line":18,"column":30}},{"start":{"line":18,"column":34},"end":{"line":18,"column":51}}],"line":18},"3":{"loc":{"start":{"line":27,"column":4},"end":{"line":27,"column":27}},"type":"if","locations":[{"start":{"line":27,"column":4},"end":{"line":27,"column":27}},{"start":{},"end":{}}],"line":27},"4":{"loc":{"start":{"line":49,"column":4},"end":{"line":49,"column":27}},"type":"if","locations":[{"start":{"line":49,"column":4},"end":{"line":49,"column":27}},{"start":{},"end":{}}],"line":49},"5":{"loc":{"start":{"line":50,"column":4},"end":{"line":50,"column":98}},"type":"if","locations":[{"start":{"line":50,"column":4},"end":{"line":50,"column":98}},{"start":{},"end":{}}],"line":50}},"s":{"0":2,"1":0,"2":0,"3":0,"4":0,"5":0,"6":0,"7":2,"8":0,"9":0,"10":0,"11":0,"12":0,"13":0,"14":0,"15":0,"16":0,"17":0,"18":0,"19":2,"20":0,"21":0,"22":0,"23":0,"24":0,"25":0,"26":0,"27":0,"28":0,"29":0,"30":0},"f":{"0":0,"1":0,"2":0},"b":{"0":[0,0],"1":[0,0],"2":[0,0,0],"3":[0,0],"4":[0,0],"5":[0,0]},"_coverageSchema":"1a1c01bbd47fc00a2c39e90264f33305004495a9","hash":"e8577d6f8548466259446dffb4927558071162b5"}
,"C:\\Users\\HP\\Documents\\Decimo semestre\\Auditoria de sistemas\\SIMTR\\backend\\middleware\\auth.middleware.js": {"path":"C:\\Users\\HP\\Documents\\Decimo semestre\\Auditoria de sistemas\\SIMTR\\backend\\middleware\\auth.middleware.js","statementMap":{"0":{"start":{"line":3,"column":27},"end":{"line":37,"column":1}},"1":{"start":{"line":4,"column":2},"end":{"line":36,"column":3}},"2":{"start":{"line":5,"column":23},"end":{"line":5,"column":48}},"3":{"start":{"line":6,"column":4},"end":{"line":8,"column":5}},"4":{"start":{"line":7,"column":6},"end":{"line":7,"column":92}},"5":{"start":{"line":10,"column":18},"end":{"line":10,"column":42}},"6":{"start":{"line":11,"column":38},"end":{"line":11,"column":72}},"7":{"start":{"line":13,"column":4},"end":{"line":15,"column":5}},"8":{"start":{"line":14,"column":6},"end":{"line":14,"column":74}},"9":{"start":{"line":18,"column":35},"end":{"line":22,"column":15}},"10":{"start":{"line":25,"column":4},"end":{"line":30,"column":6}},"11":{"start":{"line":32,"column":4},"end":{"line":32,"column":11}},"12":{"start":{"line":34,"column":4},"end":{"line":34,"column":54}},"13":{"start":{"line":35,"column":4},"end":{"line":35,"column":86}}},"fnMap":{"0":{"name":"(anonymous_0)","decl":{"start":{"line":3,"column":27},"end":{"line":3,"column":28}},"loc":{"start":{"line":3,"column":53},"end":{"line":37,"column":1}},"line":3}},"branchMap":{"0":{"loc":{"start":{"line":6,"column":4},"end":{"line":8,"column":5}},"type":"if","locations":[{"start":{"line":6,"column":4},"end":{"line":8,"column":5}},{"start":{},"end":{}}],"line":6},"1":{"loc":{"start":{"line":6,"column":8},"end":{"line":6,"column":56}},"type":"binary-expr","locations":[{"start":{"line":6,"column":8},"end":{"line":6,"column":19}},{"start":{"line":6,"column":23},"end":{"line":6,"column":56}}],"line":6},"2":{"loc":{"start":{"line":13,"column":4},"end":{"line":15,"column":5}},"type":"if","locations":[{"start":{"line":13,"column":4},"end":{"line":15,"column":5}},{"start":{},"end":{}}],"line":13},"3":{"loc":{"start":{"line":13,"column":8},"end":{"line":13,"column":22}},"type":"binary-expr","locations":[{"start":{"line":13,"column":8},"end":{"line":13,"column":13}},{"start":{"line":13,"column":17},"end":{"line":13,"column":22}}],"line":13},"4":{"loc":{"start":{"line":27,"column":10},"end":{"line":27,"column":34}},"type":"binary-expr","locations":[{"start":{"line":27,"column":10},"end":{"line":27,"column":26}},{"start":{"line":27,"column":30},"end":{"line":27,"column":34}}],"line":27},"5":{"loc":{"start":{"line":28,"column":11},"end":{"line":28,"column":46}},"type":"binary-expr","locations":[{"start":{"line":28,"column":11},"end":{"line":28,"column":28}},{"start":{"line":28,"column":32},"end":{"line":28,"column":46}}],"line":28}},"s":{"0":2,"1":5,"2":5,"3":5,"4":0,"5":5,"6":5,"7":5,"8":0,"9":5,"10":5,"11":5,"12":0,"13":0},"f":{"0":5},"b":{"0":[0,5],"1":[5,5],"2":[0,5],"3":[5,5],"4":[5,0],"5":[5,0]},"_coverageSchema":"1a1c01bbd47fc00a2c39e90264f33305004495a9","hash":"19f2944544d2a4a3a51f5b61e1fd39210202ac40"}
,"C:\\Users\\HP\\Documents\\Decimo semestre\\Auditoria de sistemas\\SIMTR\\backend\\middleware\\role.middleware.js": {"path":"C:\\Users\\HP\\Documents\\Decimo semestre\\Auditoria de sistemas\\SIMTR\\backend\\middleware\\role.middleware.js","statementMap":{"0":{"start":{"line":6,"column":27},"end":{"line":21,"column":1}},"1":{"start":{"line":7,"column":2},"end":{"line":20,"column":4}},"2":{"start":{"line":9,"column":4},"end":{"line":11,"column":5}},"3":{"start":{"line":10,"column":6},"end":{"line":10,"column":101}},"4":{"start":{"line":13,"column":4},"end":{"line":17,"column":5}},"5":{"start":{"line":14,"column":6},"end":{"line":16,"column":9}},"6":{"start":{"line":19,"column":4},"end":{"line":19,"column":11}}},"fnMap":{"0":{"name":"(anonymous_0)","decl":{"start":{"line":6,"column":27},"end":{"line":6,"column":28}},"loc":{"start":{"line":6,"column":45},"end":{"line":21,"column":1}},"line":6},"1":{"name":"(anonymous_1)","decl":{"start":{"line":7,"column":9},"end":{"line":7,"column":10}},"loc":{"start":{"line":7,"column":29},"end":{"line":20,"column":3}},"line":7}},"branchMap":{"0":{"loc":{"start":{"line":9,"column":4},"end":{"line":11,"column":5}},"type":"if","locations":[{"start":{"line":9,"column":4},"end":{"line":11,"column":5}},{"start":{},"end":{}}],"line":9},"1":{"loc":{"start":{"line":9,"column":8},"end":{"line":9,"column":34}},"type":"binary-expr","locations":[{"start":{"line":9,"column":8},"end":{"line":9,"column":17}},{"start":{"line":9,"column":21},"end":{"line":9,"column":34}}],"line":9},"2":{"loc":{"start":{"line":13,"column":4},"end":{"line":17,"column":5}},"type":"if","locations":[{"start":{"line":13,"column":4},"end":{"line":17,"column":5}},{"start":{},"end":{}}],"line":13}},"s":{"0":2,"1":32,"2":5,"3":0,"4":5,"5":0,"6":5},"f":{"0":32,"1":5},"b":{"0":[0,5],"1":[5,5],"2":[0,5]},"_coverageSchema":"1a1c01bbd47fc00a2c39e90264f33305004495a9","hash":"6e554122710bba3acfb0445182377a776780f804"}
,"C:\\Users\\HP\\Documents\\Decimo semestre\\Auditoria de sistemas\\SIMTR\\backend\\routes\\albergues.routes.js": {"path":"C:\\Users\\HP\\Documents\\Decimo semestre\\Auditoria de sistemas\\SIMTR\\backend\\routes\\albergues.routes.js","statementMap":{"0":{"start":{"line":10,"column":15},"end":{"line":10,"column":23}},"1":{"start":{"line":12,"column":0},"end":{"line":12,"column":30}},"2":{"start":{"line":13,"column":0},"end":{"line":13,"column":36}},"3":{"start":{"line":15,"column":0},"end":{"line":15,"column":69}},"4":{"start":{"line":17,"column":0},"end":{"line":17,"column":37}}},"fnMap":{},"branchMap":{},"s":{"0":2,"1":2,"2":2,"3":2,"4":2},"f":{},"b":{},"_coverageSchema":"1a1c01bbd47fc00a2c39e90264f33305004495a9","hash":"6a9a20f75f01572610e9fa724023286b347764c1"}
,"C:\\Users\\HP\\Documents\\Decimo semestre\\Auditoria de sistemas\\SIMTR\\backend\\routes\\alertas.routes.js": {"path":"C:\\Users\\HP\\Documents\\Decimo semestre\\Auditoria de sistemas\\SIMTR\\backend\\routes\\alertas.routes.js","statementMap":{"0":{"start":{"line":5,"column":15},"end":{"line":5,"column":23}},"1":{"start":{"line":7,"column":0},"end":{"line":7,"column":28}},"2":{"start":{"line":8,"column":0},"end":{"line":8,"column":67}},"3":{"start":{"line":9,"column":0},"end":{"line":9,"column":71}}},"fnMap":{},"branchMap":{},"s":{"0":2,"1":2,"2":2,"3":2},"f":{},"b":{},"_coverageSchema":"1a1c01bbd47fc00a2c39e90264f33305004495a9","hash":"e5a60cb0eeadf80cc30371222eec370216e6279d"}
,"C:\\Users\\HP\\Documents\\Decimo semestre\\Auditoria de sistemas\\SIMTR\\backend\\routes\\asignaciones.routes.js": {"path":"C:\\Users\\HP\\Documents\\Decimo semestre\\Auditoria de sistemas\\SIMTR\\backend\\routes\\asignaciones.routes.js","statementMap":{"0":{"start":{"line":5,"column":15},"end":{"line":5,"column":23}},"1":{"start":{"line":7,"column":0},"end":{"line":7,"column":33}},"2":{"start":{"line":8,"column":0},"end":{"line":8,"column":71}},"3":{"start":{"line":9,"column":0},"end":{"line":9,"column":76}}},"fnMap":{},"branchMap":{},"s":{"0":2,"1":2,"2":2,"3":2},"f":{},"b":{},"_coverageSchema":"1a1c01bbd47fc00a2c39e90264f33305004495a9","hash":"d954a75b15879b86aa881bc546e4b19bb84e309a"}
,"C:\\Users\\HP\\Documents\\Decimo semestre\\Auditoria de sistemas\\SIMTR\\backend\\routes\\audit.routes.js": {"path":"C:\\Users\\HP\\Documents\\Decimo semestre\\Auditoria de sistemas\\SIMTR\\backend\\routes\\audit.routes.js","statementMap":{"0":{"start":{"line":5,"column":15},"end":{"line":5,"column":23}},"1":{"start":{"line":8,"column":0},"end":{"line":8,"column":54}}},"fnMap":{},"branchMap":{},"s":{"0":2,"1":2},"f":{},"b":{},"_coverageSchema":"1a1c01bbd47fc00a2c39e90264f33305004495a9","hash":"65236aac2c154de8d64f9e8ee5959137159fdc38"}
,"C:\\Users\\HP\\Documents\\Decimo semestre\\Auditoria de sistemas\\SIMTR\\backend\\routes\\auth.routes.js": {"path":"C:\\Users\\HP\\Documents\\Decimo semestre\\Auditoria de sistemas\\SIMTR\\backend\\routes\\auth.routes.js","statementMap":{"0":{"start":{"line":4,"column":15},"end":{"line":4,"column":23}},"1":{"start":{"line":6,"column":0},"end":{"line":6,"column":35}},"2":{"start":{"line":7,"column":0},"end":{"line":7,"column":29}},"3":{"start":{"line":8,"column":0},"end":{"line":8,"column":31}}},"fnMap":{},"branchMap":{},"s":{"0":2,"1":2,"2":2,"3":2},"f":{},"b":{},"_coverageSchema":"1a1c01bbd47fc00a2c39e90264f33305004495a9","hash":"23d79991fb1c9f57a9da4a19e920296652b4214c"}
,"C:\\Users\\HP\\Documents\\Decimo semestre\\Auditoria de sistemas\\SIMTR\\backend\\routes\\damnificados.routes.js": {"path":"C:\\Users\\HP\\Documents\\Decimo semestre\\Auditoria de sistemas\\SIMTR\\backend\\routes\\damnificados.routes.js","statementMap":{"0":{"start":{"line":10,"column":15},"end":{"line":10,"column":23}},"1":{"start":{"line":12,"column":0},"end":{"line":12,"column":33}},"2":{"start":{"line":13,"column":0},"end":{"line":13,"column":39}},"3":{"start":{"line":16,"column":0},"end":{"line":16,"column":72}},"4":{"start":{"line":17,"column":0},"end":{"line":17,"column":76}}},"fnMap":{},"branchMap":{},"s":{"0":2,"1":2,"2":2,"3":2,"4":2},"f":{},"b":{},"_coverageSchema":"1a1c01bbd47fc00a2c39e90264f33305004495a9","hash":"6327187260efe5688cb6a7013ecac2a4d3861fec"}
,"C:\\Users\\HP\\Documents\\Decimo semestre\\Auditoria de sistemas\\SIMTR\\backend\\routes\\entregas_ayuda.routes.js": {"path":"C:\\Users\\HP\\Documents\\Decimo semestre\\Auditoria de sistemas\\SIMTR\\backend\\routes\\entregas_ayuda.routes.js","statementMap":{"0":{"start":{"line":11,"column":15},"end":{"line":11,"column":23}},"1":{"start":{"line":13,"column":0},"end":{"line":13,"column":34}},"2":{"start":{"line":14,"column":0},"end":{"line":14,"column":40}},"3":{"start":{"line":15,"column":0},"end":{"line":15,"column":73}},"4":{"start":{"line":16,"column":0},"end":{"line":16,"column":77}},"5":{"start":{"line":17,"column":0},"end":{"line":17,"column":78}}},"fnMap":{},"branchMap":{},"s":{"0":2,"1":2,"2":2,"3":2,"4":2,"5":2},"f":{},"b":{},"_coverageSchema":"1a1c01bbd47fc00a2c39e90264f33305004495a9","hash":"0451cd36bef949f2e873d86e4d472fd1cb96839a"}
,"C:\\Users\\HP\\Documents\\Decimo semestre\\Auditoria de sistemas\\SIMTR\\backend\\routes\\index.js": {"path":"C:\\Users\\HP\\Documents\\Decimo semestre\\Auditoria de sistemas\\SIMTR\\backend\\routes\\index.js","statementMap":{"0":{"start":{"line":15,"column":15},"end":{"line":15,"column":23}},"1":{"start":{"line":18,"column":0},"end":{"line":18,"column":32}},"2":{"start":{"line":21,"column":0},"end":{"line":21,"column":24}},"3":{"start":{"line":23,"column":0},"end":{"line":23,"column":40}},"4":{"start":{"line":24,"column":0},"end":{"line":24,"column":42}},"5":{"start":{"line":25,"column":0},"end":{"line":25,"column":48}},"6":{"start":{"line":26,"column":0},"end":{"line":26,"column":38}},"7":{"start":{"line":27,"column":0},"end":{"line":27,"column":48}},"8":{"start":{"line":28,"column":0},"end":{"line":28,"column":45}},"9":{"start":{"line":29,"column":0},"end":{"line":29,"column":51}},"10":{"start":{"line":30,"column":0},"end":{"line":30,"column":47}},"11":{"start":{"line":31,"column":0},"end":{"line":31,"column":34}}},"fnMap":{},"branchMap":{},"s":{"0":2,"1":2,"2":2,"3":2,"4":2,"5":2,"6":2,"7":2,"8":2,"9":2,"10":2,"11":2},"f":{},"b":{},"_coverageSchema":"1a1c01bbd47fc00a2c39e90264f33305004495a9","hash":"cf71c0675dd0ee58ff48a96a023c7cd5af6bdd7a"}
,"C:\\Users\\HP\\Documents\\Decimo semestre\\Auditoria de sistemas\\SIMTR\\backend\\routes\\tipos_ayuda.routes.js": {"path":"C:\\Users\\HP\\Documents\\Decimo semestre\\Auditoria de sistemas\\SIMTR\\backend\\routes\\tipos_ayuda.routes.js","statementMap":{"0":{"start":{"line":5,"column":15},"end":{"line":5,"column":23}},"1":{"start":{"line":7,"column":0},"end":{"line":7,"column":31}},"2":{"start":{"line":10,"column":0},"end":{"line":10,"column":58}}},"fnMap":{},"branchMap":{},"s":{"0":2,"1":2,"2":2},"f":{},"b":{},"_coverageSchema":"1a1c01bbd47fc00a2c39e90264f33305004495a9","hash":"0bfaee3235be8ec93a144ac43529627b87112d19"}
,"C:\\Users\\HP\\Documents\\Decimo semestre\\Auditoria de sistemas\\SIMTR\\backend\\routes\\usuarios.routes.js": {"path":"C:\\Users\\HP\\Documents\\Decimo semestre\\Auditoria de sistemas\\SIMTR\\backend\\routes\\usuarios.routes.js","statementMap":{"0":{"start":{"line":5,"column":15},"end":{"line":5,"column":23}},"1":{"start":{"line":8,"column":0},"end":{"line":8,"column":29}},"2":{"start":{"line":9,"column":0},"end":{"line":9,"column":35}},"3":{"start":{"line":12,"column":0},"end":{"line":12,"column":56}},"4":{"start":{"line":13,"column":0},"end":{"line":13,"column":60}}},"fnMap":{},"branchMap":{},"s":{"0":2,"1":2,"2":2,"3":2,"4":2},"f":{},"b":{},"_coverageSchema":"1a1c01bbd47fc00a2c39e90264f33305004495a9","hash":"5c0206eb161de4f07ce346da461ba6ef90eb22a5"}
,"C:\\Users\\HP\\Documents\\Decimo semestre\\Auditoria de sistemas\\SIMTR\\backend\\routes\\zonas_riesgo.routes.js": {"path":"C:\\Users\\HP\\Documents\\Decimo semestre\\Auditoria de sistemas\\SIMTR\\backend\\routes\\zonas_riesgo.routes.js","statementMap":{"0":{"start":{"line":5,"column":15},"end":{"line":5,"column":23}},"1":{"start":{"line":7,"column":0},"end":{"line":7,"column":32}},"2":{"start":{"line":8,"column":0},"end":{"line":8,"column":59}},"3":{"start":{"line":9,"column":0},"end":{"line":9,"column":63}}},"fnMap":{},"branchMap":{},"s":{"0":2,"1":2,"2":2,"3":2},"f":{},"b":{},"_coverageSchema":"1a1c01bbd47fc00a2c39e90264f33305004495a9","hash":"d917df8d2b09b5a6296d1ad4f4a21c8ed717b061"}
}
