TN:
SF:app.js
FN:17,(anonymous_0)
FN:23,(anonymous_1)
FN:64,(anonymous_2)
FN:78,(anonymous_3)
FNF:4
FNH:1
FNDA:2,(anonymous_0)
FNDA:0,(anonymous_1)
FNDA:0,(anonymous_2)
FNDA:0,(anonymous_3)
DA:7,2
DA:10,2
DA:11,2
DA:14,2
DA:17,2
DA:18,2
DA:24,0
DA:26,0
DA:31,0
DA:32,0
DA:36,0
DA:38,0
DA:47,0
DA:48,0
DA:53,0
DA:56,0
DA:65,0
DA:66,0
DA:73,2
DA:75,2
DA:77,2
DA:78,0
DA:79,0
LF:23
LH:9
BRDA:31,0,0,0
BRDA:31,0,1,0
BRDA:47,1,0,0
BRDA:47,1,1,0
BRDA:65,2,0,0
BRDA:65,2,1,0
BRDA:75,3,0,2
BRDA:75,3,1,2
BRDA:77,4,0,0
BRDA:77,4,1,2
BRDA:77,5,0,2
BRDA:77,5,1,2
BRDA:77,5,2,2
BRF:13
BRH:6
end_of_record
TN:
SF:controllers\albergues.controller.js
FN:4,(anonymous_0)
FN:14,(anonymous_1)
FN:26,(anonymous_2)
FN:55,(anonymous_3)
FNF:4
FNH:0
FNDA:0,(anonymous_0)
FNDA:0,(anonymous_1)
FNDA:0,(anonymous_2)
FNDA:0,(anonymous_3)
DA:4,2
DA:5,0
DA:6,0
DA:7,0
DA:8,0
DA:10,0
DA:14,2
DA:15,0
DA:16,0
DA:17,0
DA:18,0
DA:19,0
DA:20,0
DA:22,0
DA:26,2
DA:27,0
DA:28,0
DA:30,0
DA:31,0
DA:34,0
DA:35,0
DA:39,0
DA:41,0
DA:49,0
DA:51,0
DA:55,2
DA:56,0
DA:57,0
DA:59,0
DA:60,0
DA:61,0
DA:62,0
DA:64,0
DA:72,0
DA:74,0
LF:35
LH:4
BRDA:7,0,0,0
BRDA:7,0,1,0
BRDA:18,1,0,0
BRDA:18,1,1,0
BRDA:19,2,0,0
BRDA:19,2,1,0
BRDA:30,3,0,0
BRDA:30,3,1,0
BRDA:30,4,0,0
BRDA:30,4,1,0
BRDA:30,4,2,0
BRDA:30,4,3,0
BRDA:30,4,4,0
BRDA:30,4,5,0
BRDA:30,4,6,0
BRDA:30,4,7,0
BRDA:39,5,0,0
BRDA:39,5,1,0
BRDA:61,6,0,0
BRDA:61,6,1,0
BRDA:62,7,0,0
BRDA:62,7,1,0
BRF:22
BRH:0
end_of_record
TN:
SF:controllers\alertas.controller.js
FN:4,(anonymous_0)
FN:17,(anonymous_1)
FN:48,(anonymous_2)
FNF:3
FNH:0
FNDA:0,(anonymous_0)
FNDA:0,(anonymous_1)
FNDA:0,(anonymous_2)
DA:4,2
DA:5,0
DA:6,0
DA:10,0
DA:11,0
DA:13,0
DA:17,2
DA:18,0
DA:19,0
DA:20,0
DA:23,0
DA:24,0
DA:27,0
DA:28,0
DA:32,0
DA:34,0
DA:42,0
DA:44,0
DA:48,2
DA:49,0
DA:50,0
DA:52,0
DA:53,0
DA:54,0
DA:55,0
DA:57,0
DA:65,0
DA:67,0
LF:28
LH:3
BRDA:10,0,0,0
BRDA:10,0,1,0
BRDA:19,1,0,0
BRDA:19,1,1,0
BRDA:23,2,0,0
BRDA:23,2,1,0
BRDA:23,3,0,0
BRDA:23,3,1,0
BRDA:32,4,0,0
BRDA:32,4,1,0
BRDA:54,5,0,0
BRDA:54,5,1,0
BRDA:55,6,0,0
BRDA:55,6,1,0
BRF:14
BRH:0
end_of_record
TN:
SF:controllers\asignaciones.controller.js
FN:4,(anonymous_0)
FN:17,(anonymous_1)
FN:52,(anonymous_2)
FNF:3
FNH:0
FNDA:0,(anonymous_0)
FNDA:0,(anonymous_1)
FNDA:0,(anonymous_2)
DA:4,2
DA:5,0
DA:7,0
DA:10,0
DA:11,0
DA:13,0
DA:17,2
DA:18,0
DA:19,0
DA:21,0
DA:22,0
DA:26,0
DA:27,0
DA:28,0
DA:29,0
DA:31,0
DA:32,0
DA:36,0
DA:38,0
DA:46,0
DA:48,0
DA:52,2
DA:53,0
DA:54,0
DA:56,0
DA:58,0
DA:59,0
DA:65,0
DA:66,0
DA:67,0
DA:70,0
DA:72,0
DA:73,0
DA:76,0
DA:77,0
DA:85,0
DA:88,0
DA:94,0
DA:95,0
LF:39
LH:3
BRDA:10,0,0,0
BRDA:10,0,1,0
BRDA:21,1,0,0
BRDA:21,1,1,0
BRDA:21,2,0,0
BRDA:21,2,1,0
BRDA:27,3,0,0
BRDA:27,3,1,0
BRDA:28,4,0,0
BRDA:28,4,1,0
BRDA:29,5,0,0
BRDA:29,5,1,0
BRDA:36,6,0,0
BRDA:36,6,1,0
BRDA:65,7,0,0
BRDA:65,7,1,0
BRDA:72,8,0,0
BRDA:72,8,1,0
BRDA:72,9,0,0
BRDA:72,9,1,0
BRDA:90,10,0,0
BRDA:90,10,1,0
BRDA:91,11,0,0
BRDA:91,11,1,0
BRF:24
BRH:0
end_of_record
TN:
SF:controllers\audit.controller.js
FN:3,(anonymous_0)
FNF:1
FNH:1
FNDA:1,(anonymous_0)
DA:3,2
DA:4,1
DA:5,1
DA:11,1
DA:12,0
DA:15,1
DA:16,1
DA:19,1
DA:21,1
DA:22,1
DA:24,0
LF:11
LH:9
BRDA:11,0,0,0
BRDA:11,0,1,1
BRDA:15,1,0,1
BRDA:15,1,1,0
BRDA:21,2,0,0
BRDA:21,2,1,1
BRF:6
BRH:3
end_of_record
TN:
SF:controllers\auth.controller.js
FN:3,(anonymous_0)
FN:66,(anonymous_1)
FN:112,(anonymous_2)
FNF:3
FNH:0
FNDA:0,(anonymous_0)
FNDA:0,(anonymous_1)
FNDA:0,(anonymous_2)
DA:3,2
DA:4,0
DA:6,0
DA:7,0
DA:15,0
DA:19,0
DA:21,0
DA:29,0
DA:34,0
DA:35,0
DA:47,0
DA:49,0
DA:55,0
DA:62,0
DA:66,2
DA:67,0
DA:69,0
DA:70,0
DA:73,0
DA:75,0
DA:80,0
DA:83,0
DA:89,0
DA:90,0
DA:95,0
DA:108,0
DA:112,2
DA:114,0
DA:115,0
DA:116,0
DA:117,0
DA:119,0
DA:122,0
DA:124,0
LF:34
LH:3
BRDA:6,0,0,0
BRDA:6,0,1,0
BRDA:6,1,0,0
BRDA:6,1,1,0
BRDA:6,1,2,0
BRDA:15,2,0,0
BRDA:15,2,1,0
BRDA:15,3,0,0
BRDA:15,3,1,0
BRDA:25,4,0,0
BRDA:25,4,1,0
BRDA:29,5,0,0
BRDA:29,5,1,0
BRDA:34,6,0,0
BRDA:34,6,1,0
BRDA:47,7,0,0
BRDA:47,7,1,0
BRDA:69,8,0,0
BRDA:69,8,1,0
BRDA:69,9,0,0
BRDA:69,9,1,0
BRDA:80,10,0,0
BRDA:80,10,1,0
BRDA:89,11,0,0
BRDA:89,11,1,0
BRDA:89,12,0,0
BRDA:89,12,1,0
BRDA:116,13,0,0
BRDA:116,13,1,0
BRF:29
BRH:0
end_of_record
TN:
SF:controllers\damnificados.controller.js
FN:4,(anonymous_0)
FN:14,(anonymous_1)
FN:26,(anonymous_2)
FN:66,(anonymous_3)
FNF:4
FNH:1
FNDA:0,(anonymous_0)
FNDA:0,(anonymous_1)
FNDA:2,(anonymous_2)
FNDA:0,(anonymous_3)
DA:4,2
DA:5,0
DA:6,0
DA:7,0
DA:8,0
DA:10,0
DA:14,2
DA:15,0
DA:16,0
DA:17,0
DA:18,0
DA:19,0
DA:20,0
DA:22,0
DA:26,2
DA:27,2
DA:28,2
DA:30,2
DA:31,0
DA:35,2
DA:42,2
DA:43,2
DA:45,2
DA:46,2
DA:50,2
DA:52,1
DA:60,1
DA:62,1
DA:66,2
DA:67,0
DA:68,0
DA:71,0
DA:72,0
DA:74,0
DA:75,0
DA:80,0
DA:81,0
DA:83,0
DA:91,0
DA:93,0
LF:40
LH:16
BRDA:7,0,0,0
BRDA:7,0,1,0
BRDA:18,1,0,0
BRDA:18,1,1,0
BRDA:19,2,0,0
BRDA:19,2,1,0
BRDA:30,3,0,0
BRDA:30,3,1,2
BRDA:30,4,0,2
BRDA:30,4,1,2
BRDA:30,4,2,2
BRDA:30,4,3,2
BRDA:30,4,4,2
BRDA:30,4,5,2
BRDA:30,4,6,2
BRDA:38,5,0,2
BRDA:38,5,1,0
BRDA:42,6,0,0
BRDA:42,6,1,2
BRDA:43,7,0,0
BRDA:43,7,1,2
BRDA:50,8,0,1
BRDA:50,8,1,1
BRDA:71,9,0,0
BRDA:71,9,1,0
BRDA:72,10,0,0
BRDA:72,10,1,0
BRDA:80,11,0,0
BRDA:80,11,1,0
BRDA:81,12,0,0
BRDA:81,12,1,0
BRF:31
BRH:13
end_of_record
TN:
SF:controllers\entregas_ayuda.controller.js
FN:4,(anonymous_0)
FN:17,(anonymous_1)
FN:32,(anonymous_2)
FN:72,(anonymous_3)
FN:120,(anonymous_4)
FNF:5
FNH:2
FNDA:0,(anonymous_0)
FNDA:0,(anonymous_1)
FNDA:1,(anonymous_2)
FNDA:1,(anonymous_3)
FNDA:0,(anonymous_4)
DA:4,2
DA:5,0
DA:6,0
DA:10,0
DA:11,0
DA:13,0
DA:17,2
DA:18,0
DA:19,0
DA:20,0
DA:25,0
DA:26,0
DA:28,0
DA:32,2
DA:33,1
DA:34,1
DA:36,1
DA:37,0
DA:40,1
DA:41,1
DA:56,1
DA:58,1
DA:66,1
DA:68,0
DA:72,2
DA:73,1
DA:84,1
DA:87,1
DA:88,1
DA:89,1
DA:90,1
DA:91,1
DA:92,1
DA:93,1
DA:94,1
DA:95,1
DA:96,1
DA:98,1
DA:99,1
DA:104,1
DA:106,1
DA:114,1
DA:116,0
DA:120,2
DA:121,0
DA:122,0
DA:124,0
DA:125,0
DA:130,0
DA:132,0
DA:141,0
DA:143,0
LF:52
LH:30
BRDA:10,0,0,0
BRDA:10,0,1,0
BRDA:25,1,0,0
BRDA:25,1,1,0
BRDA:36,2,0,0
BRDA:36,2,1,1
BRDA:36,3,0,1
BRDA:36,3,1,1
BRDA:36,3,2,1
BRDA:36,3,3,1
BRDA:36,3,4,1
BRDA:48,4,0,1
BRDA:48,4,1,1
BRDA:56,5,0,0
BRDA:56,5,1,1
BRDA:88,6,0,0
BRDA:88,6,1,1
BRDA:89,7,0,0
BRDA:89,7,1,1
BRDA:90,8,0,0
BRDA:90,8,1,1
BRDA:91,9,0,0
BRDA:91,9,1,1
BRDA:92,10,0,0
BRDA:92,10,1,1
BRDA:93,11,0,0
BRDA:93,11,1,1
BRDA:94,12,0,0
BRDA:94,12,1,1
BRDA:95,13,0,1
BRDA:95,13,1,0
BRDA:96,14,0,1
BRDA:96,14,1,0
BRDA:104,15,0,0
BRDA:104,15,1,1
BRDA:130,16,0,0
BRDA:130,16,1,0
BRF:37
BRH:19
end_of_record
TN:
SF:controllers\tipos_ayuda.controller.js
FN:4,(anonymous_0)
FN:14,(anonymous_1)
FNF:2
FNH:0
FNDA:0,(anonymous_0)
FNDA:0,(anonymous_1)
DA:4,2
DA:5,0
DA:6,0
DA:7,0
DA:8,0
DA:10,0
DA:14,2
DA:15,0
DA:16,0
DA:17,0
DA:20,0
DA:21,0
DA:25,0
DA:27,0
DA:35,0
DA:37,0
LF:16
LH:2
BRDA:7,0,0,0
BRDA:7,0,1,0
BRDA:16,1,0,0
BRDA:16,1,1,0
BRDA:16,2,0,0
BRDA:16,2,1,0
BRDA:25,3,0,0
BRDA:25,3,1,0
BRF:8
BRH:0
end_of_record
TN:
SF:controllers\usuarios.controller.js
FN:4,(anonymous_0)
FN:16,(anonymous_1)
FN:17,(anonymous_2)
FN:35,(anonymous_3)
FN:47,(anonymous_4)
FN:78,(anonymous_5)
FNF:6
FNH:0
FNDA:0,(anonymous_0)
FNDA:0,(anonymous_1)
FNDA:0,(anonymous_2)
FNDA:0,(anonymous_3)
FNDA:0,(anonymous_4)
FNDA:0,(anonymous_5)
DA:4,2
DA:5,0
DA:6,0
DA:7,0
DA:10,0
DA:12,0
DA:14,0
DA:16,0
DA:17,0
DA:18,0
DA:19,0
DA:25,0
DA:29,0
DA:31,0
DA:35,2
DA:36,0
DA:37,0
DA:38,0
DA:39,0
DA:40,0
DA:41,0
DA:43,0
DA:47,2
DA:48,0
DA:49,0
DA:50,0
DA:53,0
DA:54,0
DA:57,0
DA:58,0
DA:62,0
DA:64,0
DA:72,0
DA:74,0
DA:78,2
DA:79,0
DA:80,0
DA:82,0
DA:83,0
DA:88,0
DA:89,0
DA:91,0
DA:99,0
DA:101,0
LF:44
LH:4
BRDA:7,0,0,0
BRDA:7,0,1,0
BRDA:14,1,0,0
BRDA:14,1,1,0
BRDA:14,2,0,0
BRDA:14,2,1,0
BRDA:14,2,2,0
BRDA:18,3,0,0
BRDA:18,3,1,0
BRDA:39,4,0,0
BRDA:39,4,1,0
BRDA:40,5,0,0
BRDA:40,5,1,0
BRDA:49,6,0,0
BRDA:49,6,1,0
BRDA:49,7,0,0
BRDA:49,7,1,0
BRDA:53,8,0,0
BRDA:53,8,1,0
BRDA:62,9,0,0
BRDA:62,9,1,0
BRDA:88,10,0,0
BRDA:88,10,1,0
BRDA:89,11,0,0
BRDA:89,11,1,0
BRF:25
BRH:0
end_of_record
TN:
SF:controllers\zonas_riesgo.controller.js
FN:4,(anonymous_0)
FN:14,(anonymous_1)
FN:43,(anonymous_2)
FNF:3
FNH:0
FNDA:0,(anonymous_0)
FNDA:0,(anonymous_1)
FNDA:0,(anonymous_2)
DA:4,2
DA:5,0
DA:6,0
DA:7,0
DA:8,0
DA:10,0
DA:14,2
DA:15,0
DA:16,0
DA:18,0
DA:19,0
DA:22,0
DA:23,0
DA:27,0
DA:29,0
DA:37,0
DA:39,0
DA:43,2
DA:44,0
DA:45,0
DA:47,0
DA:48,0
DA:49,0
DA:50,0
DA:52,0
DA:60,0
DA:62,0
LF:27
LH:3
BRDA:7,0,0,0
BRDA:7,0,1,0
BRDA:18,1,0,0
BRDA:18,1,1,0
BRDA:18,2,0,0
BRDA:18,2,1,0
BRDA:18,2,2,0
BRDA:27,3,0,0
BRDA:27,3,1,0
BRDA:49,4,0,0
BRDA:49,4,1,0
BRDA:50,5,0,0
BRDA:50,5,1,0
BRF:13
BRH:0
end_of_record
TN:
SF:middleware\auth.middleware.js
FN:3,(anonymous_0)
FNF:1
FNH:1
FNDA:5,(anonymous_0)
DA:3,2
DA:4,5
DA:5,5
DA:6,5
DA:7,0
DA:10,5
DA:11,5
DA:13,5
DA:14,0
DA:18,5
DA:25,5
DA:32,5
DA:34,0
DA:35,0
LF:14
LH:10
BRDA:6,0,0,0
BRDA:6,0,1,5
BRDA:6,1,0,5
BRDA:6,1,1,5
BRDA:13,2,0,0
BRDA:13,2,1,5
BRDA:13,3,0,5
BRDA:13,3,1,5
BRDA:27,4,0,5
BRDA:27,4,1,0
BRDA:28,5,0,5
BRDA:28,5,1,0
BRF:12
BRH:8
end_of_record
TN:
SF:middleware\role.middleware.js
FN:6,(anonymous_0)
FN:7,(anonymous_1)
FNF:2
FNH:2
FNDA:32,(anonymous_0)
FNDA:5,(anonymous_1)
DA:6,2
DA:7,32
DA:9,5
DA:10,0
DA:13,5
DA:14,0
DA:19,5
LF:7
LH:5
BRDA:9,0,0,0
BRDA:9,0,1,5
BRDA:9,1,0,5
BRDA:9,1,1,5
BRDA:13,2,0,0
BRDA:13,2,1,5
BRF:6
BRH:4
end_of_record
TN:
SF:routes\albergues.routes.js
FNF:0
FNH:0
DA:10,2
DA:12,2
DA:13,2
DA:15,2
DA:17,2
LF:5
LH:5
BRF:0
BRH:0
end_of_record
TN:
SF:routes\alertas.routes.js
FNF:0
FNH:0
DA:5,2
DA:7,2
DA:8,2
DA:9,2
LF:4
LH:4
BRF:0
BRH:0
end_of_record
TN:
SF:routes\asignaciones.routes.js
FNF:0
FNH:0
DA:5,2
DA:7,2
DA:8,2
DA:9,2
LF:4
LH:4
BRF:0
BRH:0
end_of_record
TN:
SF:routes\audit.routes.js
FNF:0
FNH:0
DA:5,2
DA:8,2
LF:2
LH:2
BRF:0
BRH:0
end_of_record
TN:
SF:routes\auth.routes.js
FNF:0
FNH:0
DA:4,2
DA:6,2
DA:7,2
DA:8,2
LF:4
LH:4
BRF:0
BRH:0
end_of_record
TN:
SF:routes\damnificados.routes.js
FNF:0
FNH:0
DA:10,2
DA:12,2
DA:13,2
DA:16,2
DA:17,2
LF:5
LH:5
BRF:0
BRH:0
end_of_record
TN:
SF:routes\entregas_ayuda.routes.js
FNF:0
FNH:0
DA:11,2
DA:13,2
DA:14,2
DA:15,2
DA:16,2
DA:17,2
LF:6
LH:6
BRF:0
BRH:0
end_of_record
TN:
SF:routes\index.js
FNF:0
FNH:0
DA:15,2
DA:18,2
DA:21,2
DA:23,2
DA:24,2
DA:25,2
DA:26,2
DA:27,2
DA:28,2
DA:29,2
DA:30,2
DA:31,2
LF:12
LH:12
BRF:0
BRH:0
end_of_record
TN:
SF:routes\tipos_ayuda.routes.js
FNF:0
FNH:0
DA:5,2
DA:7,2
DA:10,2
LF:3
LH:3
BRF:0
BRH:0
end_of_record
TN:
SF:routes\usuarios.routes.js
FNF:0
FNH:0
DA:5,2
DA:8,2
DA:9,2
DA:12,2
DA:13,2
LF:5
LH:5
BRF:0
BRH:0
end_of_record
TN:
SF:routes\zonas_riesgo.routes.js
FNF:0
FNH:0
DA:5,2
DA:7,2
DA:8,2
DA:9,2
LF:4
LH:4
BRF:0
BRH:0
end_of_record
